INFO 2025-11-28 11:15:00,112 autoreload 11820 500 Watching for file changes with StatReloader
INFO 2025-11-28 11:15:20,429 autoreload 3436 276 Watching for file changes with StatReloader
INFO 2025-11-28 11:16:54,294 autoreload 5964 12492 Watching for file changes with StatReloader
WARNING 2025-11-28 11:16:56,180 basehttp 5964 12456 "GET / HTTP/1.1" 404 4081
WARNING 2025-11-28 11:16:56,362 basehttp 5964 12456 "GET /favicon.ico HTTP/1.1" 404 4132
INFO 2025-11-28 11:17:57,649 autoreload 12812 5504 Watching for file changes with StatReloader
WARNING 2025-11-28 11:18:09,470 basehttp 12812 2812 "GET / HTTP/1.1" 404 4081
INFO 2025-11-28 11:18:20,380 basehttp 12812 5892 "GET /health/ HTTP/1.1" 200 5516
INFO 2025-11-28 11:18:20,523 basehttp 12812 5892 "GET /static/rest_framework/css/bootstrap.min.css HTTP/1.1" 200 121457
INFO 2025-11-28 11:18:20,525 basehttp 12812 5892 "GET /static/rest_framework/css/prettify.css HTTP/1.1" 200 817
INFO 2025-11-28 11:18:20,527 basehttp 12812 5892 "GET /static/rest_framework/css/default.css HTTP/1.1" 200 1152
INFO 2025-11-28 11:18:20,529 basehttp 12812 5892 "GET /static/rest_framework/js/jquery-3.7.1.min.js HTTP/1.1" 200 87533
INFO 2025-11-28 11:18:20,530 basehttp 12812 3424 "GET /static/rest_framework/css/bootstrap-tweaks.css HTTP/1.1" 200 3426
INFO 2025-11-28 11:18:20,530 basehttp 12812 5892 "GET /static/rest_framework/js/ajax-form.js HTTP/1.1" 200 3796
INFO 2025-11-28 11:18:20,531 basehttp 12812 3424 "GET /static/rest_framework/js/csrf.js HTTP/1.1" 200 1793
INFO 2025-11-28 11:18:20,532 basehttp 12812 5892 "GET /static/rest_framework/js/bootstrap.min.js HTTP/1.1" 200 39680
INFO 2025-11-28 11:18:20,533 basehttp 12812 5892 "GET /static/rest_framework/js/default.js HTTP/1.1" 200 1268
INFO 2025-11-28 11:18:20,534 basehttp 12812 3424 "GET /static/rest_framework/js/prettify-min.js HTTP/1.1" 200 13632
INFO 2025-11-28 11:18:20,536 basehttp 12812 3424 "GET /static/rest_framework/js/load-ajax-form.js HTTP/1.1" 200 59
INFO 2025-11-28 11:18:20,536 basehttp 12812 5892 "GET /static/rest_framework/img/grid.png HTTP/1.1" 200 1458
WARNING 2025-11-28 11:18:20,616 basehttp 12812 5892 "GET /favicon.ico HTTP/1.1" 404 4132
INFO 2025-11-28 11:18:47,418 basehttp 12812 5892 "GET /api/docs/ HTTP/1.1" 200 4649
INFO 2025-11-28 11:18:48,777 basehttp 12812 5892 "GET /api/schema/ HTTP/1.1" 200 146260
INFO 2025-11-28 11:20:11,011 basehttp 12812 1980 "GET /api/docs/ HTTP/1.1" 200 4649
INFO 2025-11-28 11:20:11,014 basehttp 12812 1980 "GET /api/docs/ HTTP/1.1" 200 4649
INFO 2025-11-28 11:20:11,353 basehttp 12812 1980 "GET /api/schema/ HTTP/1.1" 200 146260
INFO 2025-11-28 11:20:11,422 basehttp 12812 12688 "GET /api/schema/ HTTP/1.1" 200 146260
INFO 2025-11-28 11:21:27,177 autoreload 10336 7860 Watching for file changes with StatReloader
INFO 2025-11-28 11:21:57,715 autoreload 8772 8892 Watching for file changes with StatReloader
WARNING 2025-11-28 11:22:45,764 basehttp 8772 4496 "GET / HTTP/1.1" 404 4081
INFO 2025-11-28 11:26:26,313 autoreload 3788 12488 Watching for file changes with StatReloader
INFO 2025-11-28 11:26:32,556 basehttp 3788 12668 "GET /health/ HTTP/1.1" 200 179
INFO 2025-11-28 11:26:32,561 basehttp 3788 12800 "GET /api/ HTTP/1.1" 200 1503
INFO 2025-11-28 11:26:32,572 basehttp 3788 1132 "GET /api/specializations/ HTTP/1.1" 200 751
INFO 2025-11-28 11:26:32,587 basehttp 3788 2252 "GET /api/hospitals/ HTTP/1.1" 200 1570
INFO 2025-11-28 11:26:32,601 basehttp 3788 4964 "GET /api/medicines/ HTTP/1.1" 200 1331
INFO 2025-11-28 11:26:32,609 basehttp 3788 12552 "GET /api/pharmacies/ HTTP/1.1" 200 1008
INFO 2025-11-28 11:26:32,619 basehttp 3788 3400 "GET /api/doctors/ HTTP/1.1" 200 771
WARNING 2025-11-28 11:26:33,014 basehttp 3788 12384 "POST /api/auth/login/ HTTP/1.1" 400 51
INFO 2025-11-28 11:29:12,347 basehttp 3788 12980 "GET /health/ HTTP/1.1" 200 179
INFO 2025-11-28 11:29:12,352 basehttp 3788 3076 "GET /api/ HTTP/1.1" 200 1503
INFO 2025-11-28 11:29:12,359 basehttp 3788 12824 "GET /api/specializations/ HTTP/1.1" 200 751
INFO 2025-11-28 11:29:12,368 basehttp 3788 9932 "GET /api/hospitals/ HTTP/1.1" 200 1570
INFO 2025-11-28 11:29:12,377 basehttp 3788 3688 "GET /api/medicines/ HTTP/1.1" 200 1331
INFO 2025-11-28 11:29:12,386 basehttp 3788 2512 "GET /api/pharmacies/ HTTP/1.1" 200 1008
INFO 2025-11-28 11:29:12,396 basehttp 3788 3140 "GET /api/doctors/ HTTP/1.1" 200 771
INFO 2025-11-28 11:29:12,807 basehttp 3788 12784 "POST /api/auth/login/ HTTP/1.1" 200 1085
INFO 2025-11-28 11:29:12,817 basehttp 3788 3036 "GET /api/doctors/ HTTP/1.1" 200 771
INFO 2025-11-28 11:29:12,829 basehttp 3788 12828 "POST /api/ai/consultations/analyze_symptoms/ HTTP/1.1" 201 1226
INFO 2025-11-28 13:19:40,380 autoreload 14284 17228 Watching for file changes with StatReloader
INFO 2025-11-28 13:20:00,863 autoreload 3796 5760 Watching for file changes with StatReloader
WARNING 2025-11-28 13:20:02,779 basehttp 3796 16100 "GET / HTTP/1.1" 404 4081
INFO 2025-11-28 13:20:05,758 basehttp 3796 6328 "OPTIONS /api/auth/login/ HTTP/1.1" 200 0
INFO 2025-11-28 13:20:06,195 basehttp 3796 6328 "POST /api/auth/login/ HTTP/1.1" 200 1085
INFO 2025-11-28 13:23:33,356 basehttp 3796 13588 "OPTIONS /api/doctors/ HTTP/1.1" 200 0
INFO 2025-11-28 13:23:33,357 basehttp 3796 13488 "OPTIONS /api/specializations/ HTTP/1.1" 200 0
INFO 2025-11-28 13:23:33,361 basehttp 3796 11900 "OPTIONS /api/doctors/ HTTP/1.1" 200 0
INFO 2025-11-28 13:23:33,361 basehttp 3796 7312 "OPTIONS /api/specializations/ HTTP/1.1" 200 0
INFO 2025-11-28 13:23:33,367 basehttp 3796 13588 "GET /api/specializations/ HTTP/1.1" 200 751
INFO 2025-11-28 13:23:33,370 basehttp 3796 13488 "GET /api/doctors/ HTTP/1.1" 200 771
INFO 2025-11-28 13:23:33,378 basehttp 3796 13588 "GET /api/specializations/ HTTP/1.1" 200 751
INFO 2025-11-28 13:23:33,380 basehttp 3796 13488 "GET /api/doctors/ HTTP/1.1" 200 771
INFO 2025-11-28 13:23:43,296 basehttp 3796 12680 "GET /api/doctors/ HTTP/1.1" 200 771
INFO 2025-11-28 13:23:43,297 basehttp 3796 13684 "GET /api/specializations/ HTTP/1.1" 200 751
INFO 2025-11-28 13:23:43,304 basehttp 3796 13684 "GET /api/specializations/ HTTP/1.1" 200 751
INFO 2025-11-28 13:23:43,307 basehttp 3796 12680 "GET /api/doctors/ HTTP/1.1" 200 771
INFO 2025-11-28 13:23:45,845 basehttp 3796 12680 "GET /api/doctors/ HTTP/1.1" 200 771
INFO 2025-11-28 13:23:45,845 basehttp 3796 13684 "GET /api/specializations/ HTTP/1.1" 200 751
INFO 2025-11-28 13:23:45,854 basehttp 3796 13684 "GET /api/specializations/ HTTP/1.1" 200 751
INFO 2025-11-28 13:23:45,857 basehttp 3796 12680 "GET /api/doctors/ HTTP/1.1" 200 771
INFO 2025-11-28 13:24:15,574 basehttp 3796 6908 "OPTIONS /api/ai/consultations/analyze_symptoms/ HTTP/1.1" 200 0
INFO 2025-11-28 13:24:15,584 basehttp 3796 6908 "POST /api/ai/consultations/analyze_symptoms/ HTTP/1.1" 201 1159
INFO 2025-11-28 13:24:34,081 basehttp 3796 2028 "POST /api/auth/login/ HTTP/1.1" 200 1085
INFO 2025-11-28 13:24:34,098 basehttp 3796 7452 "GET /api/specializations/ HTTP/1.1" 200 751
INFO 2025-11-28 13:24:34,099 basehttp 3796 2028 "GET /api/doctors/ HTTP/1.1" 200 771
INFO 2025-11-28 13:24:34,107 basehttp 3796 7452 "GET /api/specializations/ HTTP/1.1" 200 751
INFO 2025-11-28 13:24:34,110 basehttp 3796 2028 "GET /api/doctors/ HTTP/1.1" 200 771
WARNING 2025-11-28 13:24:54,819 basehttp 3796 2028 "POST /api/auth/login/ HTTP/1.1" 400 51
WARNING 2025-11-28 13:25:03,714 basehttp 3796 2028 "POST /api/auth/login/ HTTP/1.1" 400 51
INFO 2025-11-28 13:25:11,938 basehttp 3796 3368 "GET /admin/ HTTP/1.1" 302 0
INFO 2025-11-28 13:25:11,958 basehttp 3796 3368 "GET /admin/login/?next=/admin/ HTTP/1.1" 200 4172
INFO 2025-11-28 13:25:12,011 basehttp 3796 6032 "GET /static/admin/css/dark_mode.css HTTP/1.1" 200 2808
INFO 2025-11-28 13:25:12,011 basehttp 3796 3368 "GET /static/admin/css/base.css HTTP/1.1" 200 22120
INFO 2025-11-28 13:25:12,012 basehttp 3796 7100 "GET /static/admin/js/theme.js HTTP/1.1" 200 1653
INFO 2025-11-28 13:25:12,013 basehttp 3796 6032 "GET /static/admin/css/nav_sidebar.css HTTP/1.1" 200 2810
INFO 2025-11-28 13:25:12,014 basehttp 3796 3368 "GET /static/admin/css/login.css HTTP/1.1" 200 951
INFO 2025-11-28 13:25:12,014 basehttp 3796 7100 "GET /static/admin/css/responsive.css HTTP/1.1" 200 16565
INFO 2025-11-28 13:25:12,015 basehttp 3796 3368 "GET /static/admin/js/nav_sidebar.js HTTP/1.1" 200 3063
INFO 2025-11-28 13:25:13,206 basehttp 3796 3368 "GET /admin/ HTTP/1.1" 302 0
INFO 2025-11-28 13:25:13,229 basehttp 3796 3368 "GET /admin/login/?next=/admin/ HTTP/1.1" 200 4172
INFO 2025-11-28 13:25:22,019 basehttp 3796 3368 "POST /admin/login/?next=/admin/ HTTP/1.1" 200 4389
INFO 2025-11-28 13:25:33,060 basehttp 3796 3368 "POST /admin/login/?next=/admin/ HTTP/1.1" 200 4388
INFO 2025-11-28 13:25:39,968 basehttp 3796 3368 "POST /admin/login/?next=/admin/ HTTP/1.1" 200 4389
INFO 2025-11-28 13:25:45,337 basehttp 3796 3368 "POST /admin/login/?next=/admin/ HTTP/1.1" 200 4389
INFO 2025-11-28 13:26:10,209 basehttp 3796 3368 "POST /admin/login/?next=/admin/ HTTP/1.1" 200 4389
INFO 2025-11-28 13:26:56,102 basehttp 3796 2028 "GET /api/medicines/ HTTP/1.1" 200 1331
INFO 2025-11-28 13:26:56,110 basehttp 3796 2028 "GET /api/medicines/ HTTP/1.1" 200 1331
INFO 2025-11-28 13:26:59,103 basehttp 3796 2028 "GET /api/medicines/1cc7c435-a490-4ff6-a085-4c0f885cee02/prices/ HTTP/1.1" 200 1674
INFO 2025-11-28 13:27:04,376 basehttp 3796 2028 "GET /api/medicines/44fdc88c-77b7-48ff-9b5f-ddac04e4a989/prices/ HTTP/1.1" 200 1650
INFO 2025-11-28 13:27:05,168 basehttp 3796 2028 "GET /api/medicines/41910a81-7b26-4c08-9a1a-1332a2e69649/prices/ HTTP/1.1" 200 1666
INFO 2025-11-28 13:27:06,079 basehttp 3796 2028 "GET /api/medicines/3b418b25-ea99-4dee-99a7-d835986c328e/prices/ HTTP/1.1" 200 1656
INFO 2025-11-28 13:27:07,710 basehttp 3796 13352 "GET /api/medicines/1cc7c435-a490-4ff6-a085-4c0f885cee02/prices/ HTTP/1.1" 200 1674
INFO 2025-11-28 13:27:48,717 basehttp 3796 15828 "POST /api/auth/login/ HTTP/1.1" 200 1085
INFO 2025-11-28 13:27:48,733 basehttp 3796 14128 "GET /api/specializations/ HTTP/1.1" 200 751
INFO 2025-11-28 13:27:48,736 basehttp 3796 15828 "GET /api/doctors/ HTTP/1.1" 200 771
INFO 2025-11-28 13:27:48,745 basehttp 3796 14128 "GET /api/specializations/ HTTP/1.1" 200 751
INFO 2025-11-28 13:27:48,747 basehttp 3796 15828 "GET /api/doctors/ HTTP/1.1" 200 771
INFO 2025-11-28 13:27:50,719 basehttp 3796 14128 "GET /api/specializations/ HTTP/1.1" 200 751
INFO 2025-11-28 13:27:50,719 basehttp 3796 15828 "GET /api/doctors/ HTTP/1.1" 200 771
INFO 2025-11-28 13:27:50,727 basehttp 3796 14128 "GET /api/specializations/ HTTP/1.1" 200 751
INFO 2025-11-28 13:27:50,729 basehttp 3796 15828 "GET /api/doctors/ HTTP/1.1" 200 771
INFO 2025-11-28 13:28:06,767 basehttp 3796 10496 "GET /api/doctors/ HTTP/1.1" 200 771
INFO 2025-11-28 13:28:06,767 basehttp 3796 14244 "GET /api/specializations/ HTTP/1.1" 200 751
INFO 2025-11-28 13:28:06,773 basehttp 3796 14244 "GET /api/specializations/ HTTP/1.1" 200 751
INFO 2025-11-28 13:28:06,775 basehttp 3796 10496 "GET /api/doctors/ HTTP/1.1" 200 771
INFO 2025-11-28 13:31:11,364 basehttp 3796 16372 "GET /api/specializations/ HTTP/1.1" 200 751
INFO 2025-11-28 13:31:11,364 basehttp 3796 14496 "GET /api/doctors/ HTTP/1.1" 200 771
INFO 2025-11-28 13:32:05,672 basehttp 3796 17348 "GET /api/doctors/ HTTP/1.1" 200 771
INFO 2025-11-28 13:32:05,672 basehttp 3796 7616 "GET /api/specializations/ HTTP/1.1" 200 751
INFO 2025-11-28 13:32:05,679 basehttp 3796 17348 "GET /api/specializations/ HTTP/1.1" 200 751
INFO 2025-11-28 13:32:05,681 basehttp 3796 7616 "GET /api/doctors/ HTTP/1.1" 200 771
INFO 2025-11-28 13:32:39,961 basehttp 3796 7616 "POST /api/ai/consultations/analyze_symptoms/ HTTP/1.1" 201 1162
INFO 2025-11-28 13:32:49,870 basehttp 3796 17348 "GET /api/specializations/ HTTP/1.1" 200 751
INFO 2025-11-28 13:32:49,872 basehttp 3796 7616 "GET /api/doctors/ HTTP/1.1" 200 771
INFO 2025-11-28 13:32:49,879 basehttp 3796 17348 "GET /api/specializations/ HTTP/1.1" 200 751
INFO 2025-11-28 13:32:49,880 basehttp 3796 7616 "GET /api/doctors/ HTTP/1.1" 200 771
INFO 2025-11-28 13:32:56,718 basehttp 3796 17348 "GET /api/specializations/ HTTP/1.1" 200 751
INFO 2025-11-28 13:32:56,720 basehttp 3796 7616 "GET /api/doctors/ HTTP/1.1" 200 771
INFO 2025-11-28 13:32:56,727 basehttp 3796 17348 "GET /api/specializations/ HTTP/1.1" 200 751
INFO 2025-11-28 13:32:56,729 basehttp 3796 7616 "GET /api/doctors/ HTTP/1.1" 200 771
INFO 2025-11-28 13:32:57,975 basehttp 3796 17348 "GET /api/specializations/ HTTP/1.1" 200 751
INFO 2025-11-28 13:32:57,975 basehttp 3796 7616 "GET /api/doctors/ HTTP/1.1" 200 771
INFO 2025-11-28 13:32:57,982 basehttp 3796 7616 "GET /api/doctors/ HTTP/1.1" 200 771
INFO 2025-11-28 13:32:57,983 basehttp 3796 17348 "GET /api/specializations/ HTTP/1.1" 200 751
INFO 2025-11-28 13:33:00,950 basehttp 3796 7616 "GET /api/specializations/ HTTP/1.1" 200 751
INFO 2025-11-28 13:33:00,952 basehttp 3796 17348 "GET /api/doctors/ HTTP/1.1" 200 771
INFO 2025-11-28 13:33:00,961 basehttp 3796 7616 "GET /api/specializations/ HTTP/1.1" 200 751
INFO 2025-11-28 13:33:00,963 basehttp 3796 17348 "GET /api/doctors/ HTTP/1.1" 200 771
INFO 2025-11-28 13:33:01,859 basehttp 3796 17348 "OPTIONS /api/medicines/ HTTP/1.1" 200 0
INFO 2025-11-28 13:33:01,859 basehttp 3796 7616 "OPTIONS /api/medicines/ HTTP/1.1" 200 0
INFO 2025-11-28 13:33:01,867 basehttp 3796 7616 "GET /api/medicines/ HTTP/1.1" 200 1331
INFO 2025-11-28 13:33:01,876 basehttp 3796 7616 "GET /api/medicines/ HTTP/1.1" 200 1331
INFO 2025-11-28 13:33:03,307 basehttp 3796 7616 "OPTIONS /api/medicines/1cc7c435-a490-4ff6-a085-4c0f885cee02/prices/ HTTP/1.1" 200 0
INFO 2025-11-28 13:33:03,314 basehttp 3796 7616 "GET /api/medicines/1cc7c435-a490-4ff6-a085-4c0f885cee02/prices/ HTTP/1.1" 200 1674
INFO 2025-11-28 13:33:06,990 basehttp 3796 17348 "GET /api/specializations/ HTTP/1.1" 200 751
INFO 2025-11-28 13:33:06,990 basehttp 3796 7616 "GET /api/doctors/ HTTP/1.1" 200 771
INFO 2025-11-28 13:33:06,997 basehttp 3796 17348 "GET /api/specializations/ HTTP/1.1" 200 751
INFO 2025-11-28 13:33:06,999 basehttp 3796 7616 "GET /api/doctors/ HTTP/1.1" 200 771
INFO 2025-11-28 13:33:08,575 basehttp 3796 7616 "GET /api/doctors/ HTTP/1.1" 200 771
INFO 2025-11-28 13:33:08,575 basehttp 3796 17348 "GET /api/specializations/ HTTP/1.1" 200 751
INFO 2025-11-28 13:33:08,583 basehttp 3796 7616 "GET /api/doctors/ HTTP/1.1" 200 771
INFO 2025-11-28 13:33:08,583 basehttp 3796 17348 "GET /api/specializations/ HTTP/1.1" 200 751
INFO 2025-11-28 13:33:09,747 basehttp 3796 7616 "GET /api/specializations/ HTTP/1.1" 200 751
INFO 2025-11-28 13:33:09,747 basehttp 3796 17348 "GET /api/doctors/ HTTP/1.1" 200 771
INFO 2025-11-28 13:33:09,755 basehttp 3796 7616 "GET /api/specializations/ HTTP/1.1" 200 751
INFO 2025-11-28 13:33:09,756 basehttp 3796 17348 "GET /api/doctors/ HTTP/1.1" 200 771
INFO 2025-11-28 13:33:10,530 basehttp 3796 7616 "GET /api/specializations/ HTTP/1.1" 200 751
INFO 2025-11-28 13:33:10,531 basehttp 3796 17348 "GET /api/doctors/ HTTP/1.1" 200 771
INFO 2025-11-28 13:33:10,536 basehttp 3796 7616 "GET /api/specializations/ HTTP/1.1" 200 751
INFO 2025-11-28 13:33:10,539 basehttp 3796 17348 "GET /api/doctors/ HTTP/1.1" 200 771
INFO 2025-11-28 13:33:12,010 basehttp 3796 7616 "GET /api/specializations/ HTTP/1.1" 200 751
INFO 2025-11-28 13:33:12,012 basehttp 3796 17348 "GET /api/doctors/ HTTP/1.1" 200 771
INFO 2025-11-28 13:33:12,018 basehttp 3796 7616 "GET /api/specializations/ HTTP/1.1" 200 751
INFO 2025-11-28 13:33:12,020 basehttp 3796 17348 "GET /api/doctors/ HTTP/1.1" 200 771
INFO 2025-11-28 13:33:14,147 basehttp 3796 7616 "GET /api/specializations/ HTTP/1.1" 200 751
INFO 2025-11-28 13:33:14,149 basehttp 3796 17348 "GET /api/doctors/ HTTP/1.1" 200 771
INFO 2025-11-28 13:33:14,155 basehttp 3796 7616 "GET /api/specializations/ HTTP/1.1" 200 751
INFO 2025-11-28 13:33:14,157 basehttp 3796 17348 "GET /api/doctors/ HTTP/1.1" 200 771
INFO 2025-11-28 13:33:15,523 basehttp 3796 7616 "GET /api/specializations/ HTTP/1.1" 200 751
INFO 2025-11-28 13:33:15,525 basehttp 3796 17348 "GET /api/doctors/ HTTP/1.1" 200 771
INFO 2025-11-28 13:33:15,533 basehttp 3796 7616 "GET /api/specializations/ HTTP/1.1" 200 751
INFO 2025-11-28 13:33:15,535 basehttp 3796 17348 "GET /api/doctors/ HTTP/1.1" 200 771
INFO 2025-11-28 13:42:39,557 basehttp 3796 14428 "GET /api/doctors/ HTTP/1.1" 200 771
INFO 2025-11-28 13:42:39,558 basehttp 3796 7380 "GET /api/specializations/ HTTP/1.1" 200 751
INFO 2025-11-28 13:42:39,565 basehttp 3796 14428 "GET /api/doctors/ HTTP/1.1" 200 771
INFO 2025-11-28 13:42:39,566 basehttp 3796 7380 "GET /api/specializations/ HTTP/1.1" 200 751
INFO 2025-11-28 13:42:43,936 basehttp 3796 14428 "GET /api/specializations/ HTTP/1.1" 200 751
INFO 2025-11-28 13:42:43,938 basehttp 3796 7380 "GET /api/doctors/ HTTP/1.1" 200 771
INFO 2025-11-28 13:42:43,944 basehttp 3796 14428 "GET /api/specializations/ HTTP/1.1" 200 751
INFO 2025-11-28 13:42:43,946 basehttp 3796 7380 "GET /api/doctors/ HTTP/1.1" 200 771
INFO 2025-11-28 13:42:45,107 basehttp 3796 7380 "OPTIONS /api/doctors/bdb207fc-1074-4f6e-89dc-da6230e74adb/ HTTP/1.1" 200 0
INFO 2025-11-28 13:42:45,107 basehttp 3796 14428 "OPTIONS /api/doctors/bdb207fc-1074-4f6e-89dc-da6230e74adb/ HTTP/1.1" 200 0
INFO 2025-11-28 13:42:45,115 basehttp 3796 14428 "GET /api/doctors/bdb207fc-1074-4f6e-89dc-da6230e74adb/ HTTP/1.1" 200 1634
INFO 2025-11-28 13:42:45,124 basehttp 3796 14428 "GET /api/doctors/bdb207fc-1074-4f6e-89dc-da6230e74adb/ HTTP/1.1" 200 1634
INFO 2025-11-28 13:42:51,696 basehttp 3796 7380 "GET /api/specializations/ HTTP/1.1" 200 751
INFO 2025-11-28 13:42:51,696 basehttp 3796 14428 "GET /api/doctors/ HTTP/1.1" 200 771
INFO 2025-11-28 13:42:51,706 basehttp 3796 7380 "GET /api/specializations/ HTTP/1.1" 200 751
INFO 2025-11-28 13:42:51,707 basehttp 3796 14428 "GET /api/doctors/ HTTP/1.1" 200 771
INFO 2025-11-28 13:42:54,141 basehttp 3796 7380 "GET /api/specializations/ HTTP/1.1" 200 751
INFO 2025-11-28 13:42:54,141 basehttp 3796 14428 "GET /api/doctors/ HTTP/1.1" 200 771
INFO 2025-11-28 13:42:54,152 basehttp 3796 7380 "GET /api/specializations/ HTTP/1.1" 200 751
INFO 2025-11-28 13:42:54,154 basehttp 3796 14428 "GET /api/doctors/ HTTP/1.1" 200 771
INFO 2025-11-28 13:42:55,191 basehttp 3796 14428 "GET /api/medicines/ HTTP/1.1" 200 1331
INFO 2025-11-28 13:42:55,197 basehttp 3796 14428 "GET /api/medicines/ HTTP/1.1" 200 1331
INFO 2025-11-28 13:42:56,129 basehttp 3796 14428 "GET /api/medicines/1cc7c435-a490-4ff6-a085-4c0f885cee02/prices/ HTTP/1.1" 200 1674
INFO 2025-11-28 13:42:58,506 basehttp 3796 7380 "GET /api/specializations/ HTTP/1.1" 200 751
INFO 2025-11-28 13:42:58,509 basehttp 3796 14428 "GET /api/doctors/ HTTP/1.1" 200 771
INFO 2025-11-28 13:42:58,518 basehttp 3796 7380 "GET /api/specializations/ HTTP/1.1" 200 751
INFO 2025-11-28 13:42:58,520 basehttp 3796 14428 "GET /api/doctors/ HTTP/1.1" 200 771
INFO 2025-11-28 13:42:59,359 basehttp 3796 14428 "OPTIONS /api/appointments/upcoming/ HTTP/1.1" 200 0
INFO 2025-11-28 13:42:59,359 basehttp 3796 7380 "OPTIONS /api/appointments/upcoming/ HTTP/1.1" 200 0
INFO 2025-11-28 13:42:59,363 basehttp 3796 7380 "GET /api/appointments/upcoming/ HTTP/1.1" 200 2
INFO 2025-11-28 13:42:59,366 basehttp 3796 7380 "GET /api/appointments/upcoming/ HTTP/1.1" 200 2
INFO 2025-11-28 13:43:02,259 basehttp 3796 14428 "GET /api/specializations/ HTTP/1.1" 200 751
INFO 2025-11-28 13:43:02,261 basehttp 3796 7380 "GET /api/doctors/ HTTP/1.1" 200 771
INFO 2025-11-28 13:43:02,268 basehttp 3796 14428 "GET /api/specializations/ HTTP/1.1" 200 751
INFO 2025-11-28 13:43:02,270 basehttp 3796 7380 "GET /api/doctors/ HTTP/1.1" 200 771
INFO 2025-11-28 13:43:04,842 basehttp 3796 14428 "OPTIONS /api/doctors/d974723e-028c-492c-9c31-a56c80841aff/ HTTP/1.1" 200 0
INFO 2025-11-28 13:43:04,843 basehttp 3796 7380 "OPTIONS /api/doctors/d974723e-028c-492c-9c31-a56c80841aff/ HTTP/1.1" 200 0
INFO 2025-11-28 13:43:04,852 basehttp 3796 7380 "GET /api/doctors/d974723e-028c-492c-9c31-a56c80841aff/ HTTP/1.1" 200 1582
INFO 2025-11-28 13:43:04,859 basehttp 3796 7380 "GET /api/doctors/d974723e-028c-492c-9c31-a56c80841aff/ HTTP/1.1" 200 1582
INFO 2025-11-28 13:43:18,860 basehttp 3796 7380 "OPTIONS /api/appointments/ HTTP/1.1" 200 0
ERROR 2025-11-28 13:43:18,883 log 3796 7380 Internal Server Error: /api/appointments/
Traceback (most recent call last):
  File "C:\Users\Gulijan\Desktop\healthhub-uz\backend\venv\Lib\site-packages\django\core\handlers\exception.py", line 55, in inner
    response = get_response(request)
  File "C:\Users\Gulijan\Desktop\healthhub-uz\backend\venv\Lib\site-packages\django\core\handlers\base.py", line 197, in _get_response
    response = wrapped_callback(request, *callback_args, **callback_kwargs)
  File "C:\Users\Gulijan\Desktop\healthhub-uz\backend\venv\Lib\site-packages\django\views\decorators\csrf.py", line 65, in _view_wrapper
    return view_func(request, *args, **kwargs)
  File "C:\Users\Gulijan\Desktop\healthhub-uz\backend\venv\Lib\site-packages\rest_framework\viewsets.py", line 125, in view
    return self.dispatch(request, *args, **kwargs)
           ~~~~~~~~~~~~~^^^^^^^^^^^^^^^^^^^^^^^^^^
  File "C:\Users\Gulijan\Desktop\healthhub-uz\backend\venv\Lib\site-packages\rest_framework\views.py", line 515, in dispatch
    response = self.handle_exception(exc)
  File "C:\Users\Gulijan\Desktop\healthhub-uz\backend\venv\Lib\site-packages\rest_framework\views.py", line 475, in handle_exception
    self.raise_uncaught_exception(exc)
    ~~~~~~~~~~~~~~~~~~~~~~~~~~~~~^^^^^
  File "C:\Users\Gulijan\Desktop\healthhub-uz\backend\venv\Lib\site-packages\rest_framework\views.py", line 486, in raise_uncaught_exception
    raise exc
  File "C:\Users\Gulijan\Desktop\healthhub-uz\backend\venv\Lib\site-packages\rest_framework\views.py", line 512, in dispatch
    response = handler(request, *args, **kwargs)
  File "C:\Users\Gulijan\Desktop\healthhub-uz\backend\appointments\views.py", line 34, in create
    doctor_id = serializer.validated_data['doctor_id']
                ~~~~~~~~~~~~~~~~~~~~~~~~~^^^^^^^^^^^^^
KeyError: 'doctor_id'
ERROR 2025-11-28 13:43:18,886 basehttp 3796 7380 "POST /api/appointments/ HTTP/1.1" 500 102169
INFO 2025-11-28 13:45:14,163 autoreload 3796 5760 C:\Users\Gulijan\Desktop\healthhub-uz\backend\appointments\views.py changed, reloading.
INFO 2025-11-28 13:45:14,901 autoreload 16200 14344 Watching for file changes with StatReloader
INFO 2025-11-28 13:45:22,560 autoreload 16200 14344 C:\Users\Gulijan\Desktop\healthhub-uz\backend\appointments\serializers.py changed, reloading.
INFO 2025-11-28 13:45:23,006 autoreload 7256 5752 Watching for file changes with StatReloader
INFO 2025-11-28 13:45:33,374 autoreload 13020 13988 Watching for file changes with StatReloader
INFO 2025-11-28 13:46:48,204 autoreload 13020 13988 C:\Users\Gulijan\Desktop\healthhub-uz\backend\appointments\views.py changed, reloading.
INFO 2025-11-28 13:46:48,677 autoreload 2612 11992 Watching for file changes with StatReloader
INFO 2025-11-28 13:46:58,003 autoreload 2612 11992 C:\Users\Gulijan\Desktop\healthhub-uz\backend\appointments\serializers.py changed, reloading.
INFO 2025-11-28 13:46:58,565 autoreload 16808 13636 Watching for file changes with StatReloader
WARNING 2025-11-28 13:47:01,150 basehttp 16808 12792 "GET / HTTP/1.1" 404 4081
INFO 2025-11-28 13:47:06,252 basehttp 16808 712 "POST /api/appointments/ HTTP/1.1" 201 448
INFO 2025-11-28 13:47:10,467 basehttp 16808 712 "GET /api/appointments/upcoming/ HTTP/1.1" 200 450
INFO 2025-11-28 13:47:10,474 basehttp 16808 712 "GET /api/appointments/upcoming/ HTTP/1.1" 200 450
INFO 2025-11-28 13:47:19,673 basehttp 16808 712 "OPTIONS /api/appointments/history/ HTTP/1.1" 200 0
INFO 2025-11-28 13:47:19,678 basehttp 16808 712 "GET /api/appointments/history/ HTTP/1.1" 200 2
INFO 2025-11-28 13:47:45,352 basehttp 16808 712 "GET /api/appointments/upcoming/ HTTP/1.1" 200 450
INFO 2025-11-28 13:47:45,964 basehttp 16808 712 "GET /api/appointments/history/ HTTP/1.1" 200 2
INFO 2025-11-28 13:47:46,921 basehttp 16808 712 "GET /api/doctors/ HTTP/1.1" 200 771
INFO 2025-11-28 13:47:46,922 basehttp 16808 6828 "GET /api/specializations/ HTTP/1.1" 200 751
INFO 2025-11-28 13:47:46,931 basehttp 16808 712 "GET /api/doctors/ HTTP/1.1" 200 771
INFO 2025-11-28 13:47:46,931 basehttp 16808 6828 "GET /api/specializations/ HTTP/1.1" 200 751
INFO 2025-11-28 13:47:49,106 basehttp 16808 712 "GET /api/specializations/ HTTP/1.1" 200 751
INFO 2025-11-28 13:47:49,108 basehttp 16808 6828 "GET /api/doctors/ HTTP/1.1" 200 771
INFO 2025-11-28 13:47:49,116 basehttp 16808 712 "GET /api/specializations/ HTTP/1.1" 200 751
INFO 2025-11-28 13:47:49,119 basehttp 16808 6828 "GET /api/doctors/ HTTP/1.1" 200 771
INFO 2025-11-28 13:48:34,422 basehttp 16808 6828 "POST /api/ai/consultations/analyze_symptoms/ HTTP/1.1" 201 1198
INFO 2025-11-28 13:48:34,684 basehttp 16808 6828 "POST /api/ai/consultations/analyze_symptoms/ HTTP/1.1" 201 1198
INFO 2025-11-28 13:48:44,430 basehttp 16808 712 "GET /api/specializations/ HTTP/1.1" 200 751
INFO 2025-11-28 13:48:44,432 basehttp 16808 6828 "GET /api/doctors/ HTTP/1.1" 200 771
INFO 2025-11-28 13:48:44,439 basehttp 16808 712 "GET /api/specializations/ HTTP/1.1" 200 751
INFO 2025-11-28 13:48:44,441 basehttp 16808 6828 "GET /api/doctors/ HTTP/1.1" 200 771
INFO 2025-11-28 13:48:52,317 basehttp 16808 712 "GET /api/specializations/ HTTP/1.1" 200 751
INFO 2025-11-28 13:48:52,319 basehttp 16808 6828 "GET /api/doctors/ HTTP/1.1" 200 771
INFO 2025-11-28 13:48:52,329 basehttp 16808 712 "GET /api/specializations/ HTTP/1.1" 200 751
INFO 2025-11-28 13:48:52,331 basehttp 16808 6828 "GET /api/doctors/ HTTP/1.1" 200 771
INFO 2025-11-28 13:52:33,468 basehttp 16808 712 "GET /api/specializations/ HTTP/1.1" 200 751
INFO 2025-11-28 13:52:33,471 basehttp 16808 6828 "GET /api/doctors/ HTTP/1.1" 200 771
INFO 2025-11-28 13:52:33,476 basehttp 16808 712 "GET /api/specializations/ HTTP/1.1" 200 751
INFO 2025-11-28 13:52:33,478 basehttp 16808 6828 "GET /api/doctors/ HTTP/1.1" 200 771
WARNING 2025-11-28 13:52:46,784 basehttp 16808 6828 "POST /api/auth/login/ HTTP/1.1" 400 51
INFO 2025-11-28 13:53:15,673 basehttp 16808 6828 "POST /api/auth/login/ HTTP/1.1" 200 1094
INFO 2025-11-28 13:53:15,688 basehttp 16808 712 "GET /api/specializations/ HTTP/1.1" 200 751
INFO 2025-11-28 13:53:15,692 basehttp 16808 6828 "GET /api/doctors/ HTTP/1.1" 200 771
INFO 2025-11-28 13:53:15,697 basehttp 16808 712 "GET /api/specializations/ HTTP/1.1" 200 751
INFO 2025-11-28 13:53:15,701 basehttp 16808 6828 "GET /api/doctors/ HTTP/1.1" 200 771
INFO 2025-11-28 13:53:26,349 basehttp 16808 6828 "GET /api/appointments/upcoming/ HTTP/1.1" 200 2
INFO 2025-11-28 13:53:26,354 basehttp 16808 6828 "GET /api/appointments/upcoming/ HTTP/1.1" 200 2
INFO 2025-11-28 13:53:27,630 basehttp 16808 6828 "GET /api/appointments/history/ HTTP/1.1" 200 2
INFO 2025-11-28 13:53:28,397 basehttp 16808 6828 "GET /api/appointments/upcoming/ HTTP/1.1" 200 2
INFO 2025-11-28 13:53:29,180 basehttp 16808 712 "GET /api/specializations/ HTTP/1.1" 200 751
INFO 2025-11-28 13:53:29,182 basehttp 16808 6828 "GET /api/doctors/ HTTP/1.1" 200 771
INFO 2025-11-28 13:53:29,190 basehttp 16808 712 "GET /api/specializations/ HTTP/1.1" 200 751
INFO 2025-11-28 13:53:29,192 basehttp 16808 6828 "GET /api/doctors/ HTTP/1.1" 200 771
INFO 2025-11-28 13:53:30,926 basehttp 16808 712 "GET /api/specializations/ HTTP/1.1" 200 751
INFO 2025-11-28 13:53:30,927 basehttp 16808 6828 "GET /api/doctors/ HTTP/1.1" 200 771
INFO 2025-11-28 13:53:30,934 basehttp 16808 712 "GET /api/specializations/ HTTP/1.1" 200 751
INFO 2025-11-28 13:53:30,936 basehttp 16808 6828 "GET /api/doctors/ HTTP/1.1" 200 771
INFO 2025-11-28 13:53:32,227 basehttp 16808 712 "GET /api/specializations/ HTTP/1.1" 200 751
INFO 2025-11-28 13:53:32,229 basehttp 16808 6828 "GET /api/doctors/ HTTP/1.1" 200 771
INFO 2025-11-28 13:53:32,235 basehttp 16808 712 "GET /api/specializations/ HTTP/1.1" 200 751
INFO 2025-11-28 13:53:32,236 basehttp 16808 6828 "GET /api/doctors/ HTTP/1.1" 200 771
INFO 2025-11-28 13:55:29,312 basehttp 16808 712 "GET /api/specializations/ HTTP/1.1" 200 751
INFO 2025-11-28 13:55:29,314 basehttp 16808 6828 "GET /api/doctors/ HTTP/1.1" 200 771
INFO 2025-11-28 13:55:29,320 basehttp 16808 712 "GET /api/specializations/ HTTP/1.1" 200 751
INFO 2025-11-28 13:55:29,322 basehttp 16808 6828 "GET /api/doctors/ HTTP/1.1" 200 771
INFO 2025-11-28 13:55:39,105 basehttp 16808 6828 "POST /api/auth/login/ HTTP/1.1" 200 1094
INFO 2025-11-28 13:55:39,116 basehttp 16808 6828 "GET /api/appointments/ HTTP/1.1" 200 52
INFO 2025-11-28 13:55:39,123 basehttp 16808 6828 "GET /api/appointments/ HTTP/1.1" 200 52
INFO 2025-11-28 13:55:41,480 basehttp 16808 6828 "GET /api/appointments/ HTTP/1.1" 200 52
INFO 2025-11-28 13:55:41,485 basehttp 16808 6828 "GET /api/appointments/ HTTP/1.1" 200 52
INFO 2025-11-28 13:55:43,699 basehttp 16808 6828 "GET /api/appointments/ HTTP/1.1" 200 52
INFO 2025-11-28 13:55:43,703 basehttp 16808 6828 "GET /api/appointments/ HTTP/1.1" 200 52
INFO 2025-11-28 13:55:47,416 basehttp 16808 6828 "GET /api/appointments/ HTTP/1.1" 200 52
INFO 2025-11-28 13:55:47,420 basehttp 16808 6828 "GET /api/appointments/ HTTP/1.1" 200 52
INFO 2025-11-28 13:55:50,350 basehttp 16808 6828 "GET /api/appointments/ HTTP/1.1" 200 52
INFO 2025-11-28 13:55:50,354 basehttp 16808 6828 "GET /api/appointments/ HTTP/1.1" 200 52
INFO 2025-11-28 13:56:00,600 basehttp 16808 6828 "GET /api/appointments/ HTTP/1.1" 200 52
INFO 2025-11-28 13:56:00,604 basehttp 16808 6828 "GET /api/appointments/ HTTP/1.1" 200 52
INFO 2025-11-28 13:56:07,163 basehttp 16808 6828 "GET /api/appointments/ HTTP/1.1" 200 52
INFO 2025-11-28 13:56:07,169 basehttp 16808 6828 "GET /api/appointments/ HTTP/1.1" 200 52
WARNING 2025-11-28 13:56:16,884 basehttp 16808 6828 "POST /api/auth/login/ HTTP/1.1" 400 51
WARNING 2025-11-28 13:56:21,801 basehttp 16808 6828 "POST /api/auth/login/ HTTP/1.1" 400 51
INFO 2025-11-28 13:56:39,386 basehttp 16808 6828 "POST /api/auth/login/ HTTP/1.1" 200 1094
INFO 2025-11-28 13:56:39,398 basehttp 16808 6828 "GET /api/appointments/ HTTP/1.1" 200 52
INFO 2025-11-28 13:56:39,403 basehttp 16808 6828 "GET /api/appointments/ HTTP/1.1" 200 52
WARNING 2025-11-28 13:59:30,599 basehttp 16808 6828 "POST /api/auth/login/ HTTP/1.1" 400 51
WARNING 2025-11-28 13:59:50,614 basehttp 16808 6828 "POST /api/auth/login/ HTTP/1.1" 400 51
WARNING 2025-11-28 13:59:51,694 basehttp 16808 6828 "POST /api/auth/login/ HTTP/1.1" 400 51
WARNING 2025-11-28 13:59:52,773 basehttp 16808 6828 "POST /api/auth/login/ HTTP/1.1" 400 51
WARNING 2025-11-28 14:00:00,298 basehttp 16808 6828 "POST /api/auth/login/ HTTP/1.1" 400 51
INFO 2025-11-28 14:01:52,584 autoreload 15452 10808 Watching for file changes with StatReloader
WARNING 2025-11-28 14:01:54,145 basehttp 15452 332 "GET / HTTP/1.1" 404 4081
INFO 2025-11-28 14:01:56,798 basehttp 15452 332 "GET /admin/ HTTP/1.1" 302 0
INFO 2025-11-28 14:01:56,816 basehttp 15452 332 "GET /admin/login/?next=/admin/ HTTP/1.1" 200 4172
INFO 2025-11-28 14:01:56,857 basehttp 15452 12148 "GET /static/admin/css/dark_mode.css HTTP/1.1" 304 0
INFO 2025-11-28 14:01:56,857 basehttp 15452 332 "GET /static/admin/css/base.css HTTP/1.1" 304 0
INFO 2025-11-28 14:01:56,858 basehttp 15452 6556 "GET /static/admin/js/theme.js HTTP/1.1" 304 0
INFO 2025-11-28 14:01:56,861 basehttp 15452 6556 "GET /static/admin/css/nav_sidebar.css HTTP/1.1" 304 0
INFO 2025-11-28 14:01:56,861 basehttp 15452 332 "GET /static/admin/css/login.css HTTP/1.1" 304 0
INFO 2025-11-28 14:01:56,861 basehttp 15452 12148 "GET /static/admin/css/responsive.css HTTP/1.1" 304 0
INFO 2025-11-28 14:01:56,862 basehttp 15452 12148 "GET /static/admin/js/nav_sidebar.js HTTP/1.1" 304 0
INFO 2025-11-28 14:01:57,710 basehttp 15452 12148 "GET /admin/ HTTP/1.1" 302 0
INFO 2025-11-28 14:01:57,734 basehttp 15452 12148 "GET /admin/login/?next=/admin/ HTTP/1.1" 200 4172
INFO 2025-11-28 14:02:06,221 basehttp 15452 12148 "POST /admin/login/?next=/admin/ HTTP/1.1" 302 0
INFO 2025-11-28 14:02:06,237 basehttp 15452 12148 "GET /admin/ HTTP/1.1" 200 17610
INFO 2025-11-28 14:02:06,272 basehttp 15452 12148 "GET /static/admin/css/dashboard.css HTTP/1.1" 200 441
INFO 2025-11-28 14:02:06,275 basehttp 15452 6556 "GET /static/admin/img/icon-changelink.svg HTTP/1.1" 200 380
INFO 2025-11-28 14:02:06,275 basehttp 15452 12148 "GET /static/admin/img/icon-addlink.svg HTTP/1.1" 200 331
INFO 2025-11-28 14:02:08,090 basehttp 15452 12148 "GET /admin/accounts/user/ HTTP/1.1" 200 23397
INFO 2025-11-28 14:02:08,101 basehttp 15452 12148 "GET /static/admin/css/changelists.css HTTP/1.1" 200 6878
INFO 2025-11-28 14:02:08,102 basehttp 15452 14296 "GET /static/admin/js/jquery.init.js HTTP/1.1" 200 347
INFO 2025-11-28 14:02:08,103 basehttp 15452 17340 "GET /static/admin/js/core.js HTTP/1.1" 200 6208
INFO 2025-11-28 14:02:08,104 basehttp 15452 16680 "GET /static/admin/js/admin/RelatedObjectLookups.js HTTP/1.1" 200 9777
INFO 2025-11-28 14:02:08,105 basehttp 15452 12148 "GET /static/admin/js/actions.js HTTP/1.1" 200 8076
INFO 2025-11-28 14:02:08,106 basehttp 15452 17340 "GET /static/admin/js/prepopulate.js HTTP/1.1" 200 1531
INFO 2025-11-28 14:02:08,107 basehttp 15452 14296 "GET /static/admin/js/urlify.js HTTP/1.1" 200 7887
INFO 2025-11-28 14:02:08,109 basehttp 15452 6556 "GET /admin/jsi18n/ HTTP/1.1" 200 6253
INFO 2025-11-28 14:02:08,110 basehttp 15452 332 "GET /static/admin/js/vendor/jquery/jquery.js HTTP/1.1" 200 285314
INFO 2025-11-28 14:02:08,111 basehttp 15452 16680 "GET /static/admin/js/vendor/xregexp/xregexp.js HTTP/1.1" 200 325171
INFO 2025-11-28 14:02:08,113 basehttp 15452 6556 "GET /static/admin/img/search.svg HTTP/1.1" 200 458
INFO 2025-11-28 14:02:08,114 basehttp 15452 14296 "GET /static/admin/img/icon-no.svg HTTP/1.1" 200 560
INFO 2025-11-28 14:02:08,123 basehttp 15452 14296 "GET /static/admin/img/icon-yes.svg HTTP/1.1" 200 436
INFO 2025-11-28 14:02:08,124 basehttp 15452 6556 "GET /static/admin/js/filters.js HTTP/1.1" 200 978
INFO 2025-11-28 14:02:08,141 basehttp 15452 6556 "GET /static/admin/img/tooltag-add.svg HTTP/1.1" 200 331
INFO 2025-11-28 14:02:08,141 basehttp 15452 14296 "GET /static/admin/img/sorting-icons.svg HTTP/1.1" 200 1097
INFO 2025-11-28 14:02:08,141 basehttp 15452 16680 "GET /static/admin/img/icon-viewlink.svg HTTP/1.1" 200 581
INFO 2025-11-28 14:02:11,151 basehttp 15452 16680 "GET /admin/accounts/user/d462dff2-fb17-45d9-a8db-c49f35f4ac83/change/ HTTP/1.1" 200 44743
INFO 2025-11-28 14:02:11,162 basehttp 15452 16680 "GET /static/admin/css/forms.css HTTP/1.1" 200 8525
INFO 2025-11-28 14:02:11,162 basehttp 15452 14296 "GET /static/admin/js/calendar.js HTTP/1.1" 200 9141
INFO 2025-11-28 14:02:11,162 basehttp 15452 332 "GET /static/admin/js/SelectBox.js HTTP/1.1" 200 4530
INFO 2025-11-28 14:02:11,162 basehttp 15452 17340 "GET /static/admin/js/SelectFilter2.js HTTP/1.1" 200 15845
INFO 2025-11-28 14:02:11,162 basehttp 15452 6556 "GET /static/admin/js/admin/DateTimeShortcuts.js HTTP/1.1" 200 19319
INFO 2025-11-28 14:02:11,167 basehttp 15452 14296 "GET /static/admin/js/prepopulate_init.js HTTP/1.1" 200 586
INFO 2025-11-28 14:02:11,167 basehttp 15452 12148 "GET /admin/jsi18n/ HTTP/1.1" 200 6253
INFO 2025-11-28 14:02:11,167 basehttp 15452 332 "GET /static/admin/css/widgets.css HTTP/1.1" 200 11973
INFO 2025-11-28 14:02:11,170 basehttp 15452 12148 "GET /static/admin/js/change_form.js HTTP/1.1" 200 606
INFO 2025-11-28 14:02:11,203 basehttp 15452 14296 "GET /static/admin/img/icon-clock.svg HTTP/1.1" 200 677
INFO 2025-11-28 14:02:11,203 basehttp 15452 12148 "GET /static/admin/img/selector-icons.svg HTTP/1.1" 200 3291
INFO 2025-11-28 14:02:11,204 basehttp 15452 332 "GET /static/admin/img/icon-calendar.svg HTTP/1.1" 200 1086
INFO 2025-11-28 14:02:29,120 basehttp 15452 332 "POST /admin/accounts/user/d462dff2-fb17-45d9-a8db-c49f35f4ac83/change/ HTTP/1.1" 200 44991
INFO 2025-11-28 14:02:29,131 basehttp 15452 332 "GET /admin/jsi18n/ HTTP/1.1" 200 6253
INFO 2025-11-28 14:03:12,238 basehttp 15452 332 "POST /admin/accounts/user/d462dff2-fb17-45d9-a8db-c49f35f4ac83/change/ HTTP/1.1" 302 0
INFO 2025-11-28 14:03:12,251 basehttp 15452 332 "GET /admin/accounts/user/ HTTP/1.1" 200 23708
INFO 2025-11-28 14:03:12,262 basehttp 15452 332 "GET /admin/jsi18n/ HTTP/1.1" 200 6253
INFO 2025-11-28 14:03:15,074 basehttp 15452 332 "GET /admin/accounts/user/d462dff2-fb17-45d9-a8db-c49f35f4ac83/change/ HTTP/1.1" 200 44921
INFO 2025-11-28 14:03:15,084 basehttp 15452 332 "GET /admin/jsi18n/ HTTP/1.1" 200 6253
INFO 2025-11-28 14:03:20,504 basehttp 15452 332 "POST /admin/accounts/user/d462dff2-fb17-45d9-a8db-c49f35f4ac83/change/ HTTP/1.1" 302 0
INFO 2025-11-28 14:03:20,520 basehttp 15452 332 "GET /admin/accounts/user/ HTTP/1.1" 200 23708
INFO 2025-11-28 14:03:20,532 basehttp 15452 332 "GET /admin/jsi18n/ HTTP/1.1" 200 6253
INFO 2025-11-28 14:03:25,441 basehttp 15452 332 "GET /admin/accounts/user/d2744b2b-f14d-4093-b79b-580635463c99/change/ HTTP/1.1" 200 44859
INFO 2025-11-28 14:03:25,451 basehttp 15452 332 "GET /admin/jsi18n/ HTTP/1.1" 200 6253
INFO 2025-11-28 14:03:29,334 basehttp 15452 332 "GET /admin/accounts/user/ HTTP/1.1" 200 23444
INFO 2025-11-28 14:03:34,194 basehttp 15452 332 "GET /admin/accounts/user/cc3c833f-d058-4e08-985e-e92095d1c65d/change/ HTTP/1.1" 200 44839
INFO 2025-11-28 14:03:34,205 basehttp 15452 332 "GET /admin/jsi18n/ HTTP/1.1" 200 6253
INFO 2025-11-28 14:03:41,631 basehttp 15452 332 "GET /admin/accounts/user/ HTTP/1.1" 200 23444
INFO 2025-11-28 14:03:45,062 basehttp 15452 3844 "POST /api/auth/login/ HTTP/1.1" 200 1106
INFO 2025-11-28 14:03:45,072 basehttp 15452 3844 "OPTIONS /api/hospitals/ HTTP/1.1" 200 0
INFO 2025-11-28 14:03:45,072 basehttp 15452 15660 "OPTIONS /api/hospitals/ HTTP/1.1" 200 0
INFO 2025-11-28 14:03:45,086 basehttp 15452 3844 "GET /api/doctors/ HTTP/1.1" 200 771
INFO 2025-11-28 14:03:45,091 basehttp 15452 15660 "GET /api/medicines/ HTTP/1.1" 200 1331
INFO 2025-11-28 14:03:45,094 basehttp 15452 3844 "GET /api/appointments/ HTTP/1.1" 200 52
INFO 2025-11-28 14:03:45,104 basehttp 15452 15660 "GET /api/hospitals/ HTTP/1.1" 200 1570
INFO 2025-11-28 14:03:45,107 basehttp 15452 3844 "GET /api/doctors/ HTTP/1.1" 200 771
INFO 2025-11-28 14:03:45,113 basehttp 15452 3844 "GET /api/appointments/ HTTP/1.1" 200 52
INFO 2025-11-28 14:03:45,117 basehttp 15452 15660 "GET /api/medicines/ HTTP/1.1" 200 1331
INFO 2025-11-28 14:03:45,123 basehttp 15452 3844 "GET /api/hospitals/ HTTP/1.1" 200 1570
INFO 2025-11-28 14:03:51,091 basehttp 15452 3844 "OPTIONS /api/auth/users/ HTTP/1.1" 200 0
INFO 2025-11-28 14:03:51,091 basehttp 15452 15660 "OPTIONS /api/auth/users/ HTTP/1.1" 200 0
WARNING 2025-11-28 14:03:51,097 basehttp 15452 15660 "GET /api/auth/users/ HTTP/1.1" 404 28572
WARNING 2025-11-28 14:03:51,104 basehttp 15452 15660 "GET /api/auth/users/ HTTP/1.1" 404 28572
INFO 2025-11-28 14:04:04,922 basehttp 15452 9720 "GET /api/appointments/ HTTP/1.1" 200 52
INFO 2025-11-28 14:04:04,925 basehttp 15452 15660 "GET /api/doctors/ HTTP/1.1" 200 771
INFO 2025-11-28 14:04:04,928 basehttp 15452 3844 "GET /api/hospitals/ HTTP/1.1" 200 1570
INFO 2025-11-28 14:04:04,932 basehttp 15452 13096 "GET /api/medicines/ HTTP/1.1" 200 1331
INFO 2025-11-28 14:04:04,933 basehttp 15452 16892 "GET /api/appointments/ HTTP/1.1" 200 52
INFO 2025-11-28 14:04:04,942 basehttp 15452 15660 "GET /api/doctors/ HTTP/1.1" 200 771
INFO 2025-11-28 14:04:04,952 basehttp 15452 3844 "GET /api/hospitals/ HTTP/1.1" 200 1570
INFO 2025-11-28 14:04:04,954 basehttp 15452 13096 "GET /api/medicines/ HTTP/1.1" 200 1331
INFO 2025-11-28 14:04:09,751 basehttp 15452 16892 "GET /api/appointments/ HTTP/1.1" 200 52
INFO 2025-11-28 14:04:09,757 basehttp 15452 13096 "GET /api/doctors/ HTTP/1.1" 200 771
INFO 2025-11-28 14:04:09,765 basehttp 15452 15660 "GET /api/medicines/ HTTP/1.1" 200 1331
INFO 2025-11-28 14:04:09,765 basehttp 15452 3844 "GET /api/hospitals/ HTTP/1.1" 200 1570
INFO 2025-11-28 14:04:09,767 basehttp 15452 16892 "GET /api/appointments/ HTTP/1.1" 200 52
INFO 2025-11-28 14:04:09,781 basehttp 15452 13096 "GET /api/doctors/ HTTP/1.1" 200 771
INFO 2025-11-28 14:04:09,784 basehttp 15452 9720 "GET /api/medicines/ HTTP/1.1" 200 1331
INFO 2025-11-28 14:04:09,787 basehttp 15452 3844 "GET /api/hospitals/ HTTP/1.1" 200 1570
INFO 2025-11-28 14:04:10,644 basehttp 15452 3844 "GET /api/doctors/ HTTP/1.1" 200 771
INFO 2025-11-28 14:04:10,650 basehttp 15452 3844 "GET /api/doctors/ HTTP/1.1" 200 771
INFO 2025-11-28 14:04:12,740 basehttp 15452 16892 "GET /api/appointments/ HTTP/1.1" 200 52
INFO 2025-11-28 14:04:12,745 basehttp 15452 3844 "GET /api/doctors/ HTTP/1.1" 200 771
INFO 2025-11-28 14:04:12,746 basehttp 15452 9720 "GET /api/hospitals/ HTTP/1.1" 200 1570
INFO 2025-11-28 14:04:12,746 basehttp 15452 13096 "GET /api/medicines/ HTTP/1.1" 200 1331
INFO 2025-11-28 14:04:12,747 basehttp 15452 15660 "GET /api/appointments/ HTTP/1.1" 200 52
INFO 2025-11-28 14:04:12,761 basehttp 15452 3844 "GET /api/doctors/ HTTP/1.1" 200 771
INFO 2025-11-28 14:04:12,765 basehttp 15452 9720 "GET /api/hospitals/ HTTP/1.1" 200 1570
INFO 2025-11-28 14:04:12,768 basehttp 15452 13096 "GET /api/medicines/ HTTP/1.1" 200 1331
INFO 2025-11-28 14:04:14,944 basehttp 15452 15660 "GET /api/appointments/ HTTP/1.1" 200 52
INFO 2025-11-28 14:04:14,957 basehttp 15452 13096 "GET /api/doctors/ HTTP/1.1" 200 771
INFO 2025-11-28 14:04:14,960 basehttp 15452 9720 "GET /api/hospitals/ HTTP/1.1" 200 1570
INFO 2025-11-28 14:04:14,960 basehttp 15452 3844 "GET /api/medicines/ HTTP/1.1" 200 1331
INFO 2025-11-28 14:04:14,964 basehttp 15452 15660 "GET /api/appointments/ HTTP/1.1" 200 52
INFO 2025-11-28 14:04:14,976 basehttp 15452 13096 "GET /api/doctors/ HTTP/1.1" 200 771
INFO 2025-11-28 14:04:14,981 basehttp 15452 16892 "GET /api/medicines/ HTTP/1.1" 200 1331
INFO 2025-11-28 14:04:14,982 basehttp 15452 9720 "GET /api/hospitals/ HTTP/1.1" 200 1570
INFO 2025-11-28 14:10:08,377 basehttp 15452 13516 "GET /api/appointments/ HTTP/1.1" 200 52
INFO 2025-11-28 14:10:08,381 basehttp 15452 13420 "GET /api/doctors/ HTTP/1.1" 200 771
INFO 2025-11-28 14:10:08,386 basehttp 15452 5612 "GET /api/hospitals/ HTTP/1.1" 200 1570
INFO 2025-11-28 14:10:08,392 basehttp 15452 13980 "GET /api/medicines/ HTTP/1.1" 200 1331
INFO 2025-11-28 14:10:08,398 basehttp 15452 13516 "GET /api/appointments/ HTTP/1.1" 200 52
INFO 2025-11-28 14:10:08,406 basehttp 15452 13420 "GET /api/doctors/ HTTP/1.1" 200 771
INFO 2025-11-28 14:10:08,411 basehttp 15452 5612 "GET /api/hospitals/ HTTP/1.1" 200 1570
INFO 2025-11-28 14:10:08,414 basehttp 15452 13980 "GET /api/medicines/ HTTP/1.1" 200 1331
INFO 2025-11-28 14:10:20,935 basehttp 15452 16328 "GET /api/appointments/ HTTP/1.1" 200 52
INFO 2025-11-28 14:10:20,935 basehttp 15452 2304 "GET /api/doctors/ HTTP/1.1" 200 771
INFO 2025-11-28 14:10:20,938 basehttp 15452 4368 "GET /api/medicines/ HTTP/1.1" 200 1331
INFO 2025-11-28 14:10:20,940 basehttp 15452 6292 "GET /api/hospitals/ HTTP/1.1" 200 1570
INFO 2025-11-28 14:10:20,948 basehttp 15452 16328 "GET /api/appointments/ HTTP/1.1" 200 52
INFO 2025-11-28 14:10:20,953 basehttp 15452 2304 "GET /api/doctors/ HTTP/1.1" 200 771
INFO 2025-11-28 14:10:20,958 basehttp 15452 4368 "GET /api/medicines/ HTTP/1.1" 200 1331
INFO 2025-11-28 14:10:20,959 basehttp 15452 6292 "GET /api/hospitals/ HTTP/1.1" 200 1570
INFO 2025-11-28 14:10:23,225 basehttp 15452 6292 "GET /api/hospitals/ HTTP/1.1" 200 1570
INFO 2025-11-28 14:10:23,233 basehttp 15452 6292 "GET /api/hospitals/ HTTP/1.1" 200 1570
INFO 2025-11-28 14:10:32,545 basehttp 15452 13876 "GET /api/appointments/ HTTP/1.1" 200 52
INFO 2025-11-28 14:10:32,545 basehttp 15452 3788 "GET /api/doctors/ HTTP/1.1" 200 771
INFO 2025-11-28 14:10:32,548 basehttp 15452 15636 "GET /api/hospitals/ HTTP/1.1" 200 1570
INFO 2025-11-28 14:10:32,549 basehttp 15452 12652 "GET /api/medicines/ HTTP/1.1" 200 1331
INFO 2025-11-28 14:10:32,558 basehttp 15452 3788 "GET /api/appointments/ HTTP/1.1" 200 52
INFO 2025-11-28 14:10:32,562 basehttp 15452 13876 "GET /api/doctors/ HTTP/1.1" 200 771
INFO 2025-11-28 14:10:32,567 basehttp 15452 15636 "GET /api/hospitals/ HTTP/1.1" 200 1570
INFO 2025-11-28 14:10:32,567 basehttp 15452 12652 "GET /api/medicines/ HTTP/1.1" 200 1331
INFO 2025-11-28 14:10:39,886 basehttp 15452 13260 "POST /api/auth/login/ HTTP/1.1" 200 1085
INFO 2025-11-28 14:10:39,905 basehttp 15452 13260 "GET /api/doctors/ HTTP/1.1" 200 771
INFO 2025-11-28 14:10:39,905 basehttp 15452 17336 "GET /api/specializations/ HTTP/1.1" 200 751
INFO 2025-11-28 14:10:39,916 basehttp 15452 17336 "GET /api/specializations/ HTTP/1.1" 200 751
INFO 2025-11-28 14:10:39,918 basehttp 15452 13260 "GET /api/doctors/ HTTP/1.1" 200 771
INFO 2025-11-28 14:10:43,314 basehttp 15452 13260 "GET /api/appointments/upcoming/ HTTP/1.1" 200 450
INFO 2025-11-28 14:10:43,320 basehttp 15452 13260 "GET /api/appointments/upcoming/ HTTP/1.1" 200 450
INFO 2025-11-28 14:10:45,992 basehttp 15452 17336 "GET /api/specializations/ HTTP/1.1" 200 751
INFO 2025-11-28 14:10:45,993 basehttp 15452 13260 "GET /api/doctors/ HTTP/1.1" 200 771
INFO 2025-11-28 14:10:46,003 basehttp 15452 13260 "GET /api/doctors/ HTTP/1.1" 200 771
INFO 2025-11-28 14:10:46,003 basehttp 15452 17336 "GET /api/specializations/ HTTP/1.1" 200 751
INFO 2025-11-28 14:10:47,867 basehttp 15452 13260 "GET /api/specializations/ HTTP/1.1" 200 751
INFO 2025-11-28 14:10:47,867 basehttp 15452 17336 "GET /api/doctors/ HTTP/1.1" 200 771
INFO 2025-11-28 14:10:47,873 basehttp 15452 13260 "GET /api/specializations/ HTTP/1.1" 200 751
INFO 2025-11-28 14:10:47,875 basehttp 15452 17336 "GET /api/doctors/ HTTP/1.1" 200 771
INFO 2025-11-28 14:10:49,070 basehttp 15452 15728 "GET /api/doctors/ HTTP/1.1" 200 771
INFO 2025-11-28 14:10:49,071 basehttp 15452 300 "GET /api/specializations/ HTTP/1.1" 200 751
INFO 2025-11-28 14:10:49,077 basehttp 15452 300 "GET /api/specializations/ HTTP/1.1" 200 751
INFO 2025-11-28 14:10:49,079 basehttp 15452 15728 "GET /api/doctors/ HTTP/1.1" 200 771
INFO 2025-11-28 14:10:52,744 basehttp 15452 1260 "GET /api/specializations/ HTTP/1.1" 200 751
INFO 2025-11-28 14:10:52,744 basehttp 15452 16908 "GET /api/doctors/ HTTP/1.1" 200 771
INFO 2025-11-28 14:10:52,752 basehttp 15452 1260 "GET /api/specializations/ HTTP/1.1" 200 751
INFO 2025-11-28 14:10:52,753 basehttp 15452 16908 "GET /api/doctors/ HTTP/1.1" 200 771
INFO 2025-11-28 14:10:53,267 basehttp 15452 1260 "GET /api/specializations/ HTTP/1.1" 200 751
INFO 2025-11-28 14:10:53,268 basehttp 15452 16908 "GET /api/doctors/ HTTP/1.1" 200 771
INFO 2025-11-28 14:10:53,273 basehttp 15452 1260 "GET /api/specializations/ HTTP/1.1" 200 751
INFO 2025-11-28 14:10:53,276 basehttp 15452 16908 "GET /api/doctors/ HTTP/1.1" 200 771
INFO 2025-11-28 14:10:54,343 basehttp 15452 1260 "GET /api/specializations/ HTTP/1.1" 200 751
INFO 2025-11-28 14:10:54,345 basehttp 15452 16908 "GET /api/doctors/ HTTP/1.1" 200 771
INFO 2025-11-28 14:10:54,356 basehttp 15452 1260 "GET /api/specializations/ HTTP/1.1" 200 751
INFO 2025-11-28 14:10:54,358 basehttp 15452 16908 "GET /api/doctors/ HTTP/1.1" 200 771
INFO 2025-11-28 14:11:06,520 basehttp 15452 16320 "POST /api/auth/login/ HTTP/1.1" 200 1094
INFO 2025-11-28 14:11:06,532 basehttp 15452 16320 "GET /api/appointments/ HTTP/1.1" 200 52
INFO 2025-11-28 14:11:06,537 basehttp 15452 16320 "GET /api/appointments/ HTTP/1.1" 200 52
INFO 2025-11-28 14:11:08,343 basehttp 15452 16212 "GET /api/appointments/ HTTP/1.1" 200 52
INFO 2025-11-28 14:11:08,347 basehttp 15452 16212 "GET /api/appointments/ HTTP/1.1" 200 52
INFO 2025-11-28 14:11:09,443 basehttp 15452 16212 "GET /api/appointments/ HTTP/1.1" 200 52
INFO 2025-11-28 14:11:09,450 basehttp 15452 16212 "GET /api/appointments/ HTTP/1.1" 200 52
INFO 2025-11-28 14:11:10,103 basehttp 15452 16212 "GET /api/appointments/ HTTP/1.1" 200 52
INFO 2025-11-28 14:11:10,127 basehttp 15452 16212 "GET /api/appointments/ HTTP/1.1" 200 52
INFO 2025-11-28 14:11:11,451 basehttp 15452 16212 "GET /api/appointments/ HTTP/1.1" 200 52
INFO 2025-11-28 14:11:11,455 basehttp 15452 16212 "GET /api/appointments/ HTTP/1.1" 200 52
INFO 2025-11-28 14:11:14,328 basehttp 15452 16212 "GET /api/appointments/ HTTP/1.1" 200 52
INFO 2025-11-28 14:11:14,333 basehttp 15452 16212 "GET /api/appointments/ HTTP/1.1" 200 52
INFO 2025-11-28 14:11:18,661 basehttp 15452 11004 "GET /api/appointments/ HTTP/1.1" 200 52
INFO 2025-11-28 14:11:18,666 basehttp 15452 11004 "GET /api/appointments/ HTTP/1.1" 200 52
INFO 2025-11-28 14:11:19,747 basehttp 15452 11004 "GET /api/appointments/ HTTP/1.1" 200 52
INFO 2025-11-28 14:11:19,753 basehttp 15452 11004 "GET /api/appointments/ HTTP/1.1" 200 52
INFO 2025-11-28 14:11:20,469 basehttp 15452 11004 "GET /api/appointments/ HTTP/1.1" 200 52
INFO 2025-11-28 14:11:20,473 basehttp 15452 11004 "GET /api/appointments/ HTTP/1.1" 200 52
INFO 2025-11-28 14:11:21,552 basehttp 15452 11004 "GET /api/appointments/ HTTP/1.1" 200 52
INFO 2025-11-28 14:11:21,556 basehttp 15452 11004 "GET /api/appointments/ HTTP/1.1" 200 52
INFO 2025-11-28 14:11:26,136 basehttp 15452 11000 "GET /admin/accounts/user/d2744b2b-f14d-4093-b79b-580635463c99/change/ HTTP/1.1" 200 44859
INFO 2025-11-28 14:11:26,147 basehttp 15452 11000 "GET /admin/jsi18n/ HTTP/1.1" 200 6253
INFO 2025-11-28 14:11:30,517 basehttp 15452 3536 "GET /admin/accounts/user/d2744b2b-f14d-4093-b79b-580635463c99/password/ HTTP/1.1" 200 17944
INFO 2025-11-28 14:11:30,526 basehttp 15452 3536 "GET /static/admin/css/unusable_password_field.css HTTP/1.1" 200 663
INFO 2025-11-28 14:11:30,526 basehttp 15452 12904 "GET /static/admin/js/unusable_password_field.js HTTP/1.1" 200 1480
INFO 2025-11-28 14:11:46,781 basehttp 15452 6380 "POST /admin/accounts/user/d2744b2b-f14d-4093-b79b-580635463c99/password/ HTTP/1.1" 302 0
INFO 2025-11-28 14:11:46,811 basehttp 15452 6380 "GET /admin/accounts/user/d2744b2b-f14d-4093-b79b-580635463c99/change/ HTTP/1.1" 200 45005
INFO 2025-11-28 14:11:46,823 basehttp 15452 6380 "GET /admin/jsi18n/ HTTP/1.1" 200 6253
INFO 2025-11-28 14:12:00,665 basehttp 15452 14948 "POST /api/auth/login/ HTTP/1.1" 200 1098
INFO 2025-11-28 14:12:00,679 basehttp 15452 14948 "GET /api/appointments/ HTTP/1.1" 200 500
INFO 2025-11-28 14:12:00,687 basehttp 15452 14948 "GET /api/appointments/ HTTP/1.1" 200 500
INFO 2025-11-28 14:12:02,474 basehttp 15452 14948 "GET /api/appointments/ HTTP/1.1" 200 500
INFO 2025-11-28 14:12:02,481 basehttp 15452 14948 "GET /api/appointments/ HTTP/1.1" 200 500
INFO 2025-11-28 14:12:09,018 basehttp 15452 1668 "GET /api/appointments/ HTTP/1.1" 200 500
INFO 2025-11-28 14:12:09,024 basehttp 15452 1668 "GET /api/appointments/ HTTP/1.1" 200 500
INFO 2025-11-28 14:12:13,806 basehttp 15452 1668 "GET /api/appointments/ HTTP/1.1" 200 500
INFO 2025-11-28 14:12:13,812 basehttp 15452 1668 "GET /api/appointments/ HTTP/1.1" 200 500
INFO 2025-11-28 14:12:25,670 basehttp 15452 13352 "GET /admin/ HTTP/1.1" 200 18896
INFO 2025-11-28 14:18:22,123 basehttp 15452 13060 "POST /api/auth/login/ HTTP/1.1" 200 1085
INFO 2025-11-28 14:18:22,141 basehttp 15452 17180 "GET /api/specializations/ HTTP/1.1" 200 751
INFO 2025-11-28 14:18:22,143 basehttp 15452 13060 "GET /api/doctors/ HTTP/1.1" 200 771
INFO 2025-11-28 14:18:22,150 basehttp 15452 17180 "GET /api/specializations/ HTTP/1.1" 200 751
INFO 2025-11-28 14:18:22,153 basehttp 15452 13060 "GET /api/doctors/ HTTP/1.1" 200 771
INFO 2025-11-28 14:18:26,636 basehttp 15452 13060 "OPTIONS /api/auth/profile/ HTTP/1.1" 200 0
INFO 2025-11-28 14:18:26,636 basehttp 15452 17180 "OPTIONS /api/auth/profile/ HTTP/1.1" 200 0
INFO 2025-11-28 14:18:26,639 basehttp 15452 17180 "GET /api/auth/profile/ HTTP/1.1" 200 457
INFO 2025-11-28 14:18:26,644 basehttp 15452 17180 "GET /api/auth/profile/ HTTP/1.1" 200 457
INFO 2025-11-28 14:18:37,428 basehttp 15452 13060 "GET /api/specializations/ HTTP/1.1" 200 751
INFO 2025-11-28 14:18:37,430 basehttp 15452 17180 "GET /api/doctors/ HTTP/1.1" 200 771
INFO 2025-11-28 14:18:37,439 basehttp 15452 13060 "GET /api/specializations/ HTTP/1.1" 200 751
INFO 2025-11-28 14:18:37,442 basehttp 15452 17180 "GET /api/doctors/ HTTP/1.1" 200 771
INFO 2025-11-28 14:18:41,592 basehttp 15452 13060 "OPTIONS /api/medical-records/ HTTP/1.1" 200 0
INFO 2025-11-28 14:18:41,592 basehttp 15452 17180 "OPTIONS /api/medical-records/ HTTP/1.1" 200 0
INFO 2025-11-28 14:18:41,597 basehttp 15452 17180 "GET /api/medical-records/ HTTP/1.1" 200 52
INFO 2025-11-28 14:18:41,601 basehttp 15452 17180 "GET /api/medical-records/ HTTP/1.1" 200 52
INFO 2025-11-28 14:18:42,901 basehttp 15452 13060 "GET /api/specializations/ HTTP/1.1" 200 751
INFO 2025-11-28 14:18:42,903 basehttp 15452 17180 "GET /api/doctors/ HTTP/1.1" 200 771
INFO 2025-11-28 14:18:42,908 basehttp 15452 13060 "GET /api/specializations/ HTTP/1.1" 200 751
INFO 2025-11-28 14:18:42,911 basehttp 15452 17180 "GET /api/doctors/ HTTP/1.1" 200 771
INFO 2025-11-28 14:18:43,620 basehttp 15452 17180 "GET /api/appointments/upcoming/ HTTP/1.1" 200 450
INFO 2025-11-28 14:18:43,627 basehttp 15452 17180 "GET /api/appointments/upcoming/ HTTP/1.1" 200 450
INFO 2025-11-28 14:18:45,659 basehttp 15452 13060 "GET /api/specializations/ HTTP/1.1" 200 751
INFO 2025-11-28 14:18:45,662 basehttp 15452 17180 "GET /api/doctors/ HTTP/1.1" 200 771
INFO 2025-11-28 14:18:45,669 basehttp 15452 13060 "GET /api/specializations/ HTTP/1.1" 200 751
INFO 2025-11-28 14:18:45,670 basehttp 15452 17180 "GET /api/doctors/ HTTP/1.1" 200 771
INFO 2025-11-28 14:18:46,449 basehttp 15452 17180 "GET /api/medicines/ HTTP/1.1" 200 1331
INFO 2025-11-28 14:18:46,458 basehttp 15452 17180 "GET /api/medicines/ HTTP/1.1" 200 1331
INFO 2025-11-28 14:18:47,611 basehttp 15452 13060 "GET /api/specializations/ HTTP/1.1" 200 751
INFO 2025-11-28 14:18:47,616 basehttp 15452 17180 "GET /api/doctors/ HTTP/1.1" 200 771
INFO 2025-11-28 14:18:47,621 basehttp 15452 13060 "GET /api/specializations/ HTTP/1.1" 200 751
INFO 2025-11-28 14:18:47,625 basehttp 15452 17180 "GET /api/doctors/ HTTP/1.1" 200 771
INFO 2025-11-28 14:18:48,319 basehttp 15452 13060 "GET /api/specializations/ HTTP/1.1" 200 751
INFO 2025-11-28 14:18:48,321 basehttp 15452 17180 "GET /api/doctors/ HTTP/1.1" 200 771
INFO 2025-11-28 14:18:48,327 basehttp 15452 13060 "GET /api/specializations/ HTTP/1.1" 200 751
INFO 2025-11-28 14:18:48,329 basehttp 15452 17180 "GET /api/doctors/ HTTP/1.1" 200 771
INFO 2025-11-28 14:18:50,501 basehttp 15452 13060 "GET /api/specializations/ HTTP/1.1" 200 751
INFO 2025-11-28 14:18:50,503 basehttp 15452 17180 "GET /api/doctors/ HTTP/1.1" 200 771
INFO 2025-11-28 14:18:50,510 basehttp 15452 13060 "GET /api/specializations/ HTTP/1.1" 200 751
INFO 2025-11-28 14:18:50,512 basehttp 15452 17180 "GET /api/doctors/ HTTP/1.1" 200 771
INFO 2025-11-28 14:18:53,678 basehttp 15452 13060 "GET /api/specializations/ HTTP/1.1" 200 751
INFO 2025-11-28 14:18:53,680 basehttp 15452 17180 "GET /api/doctors/ HTTP/1.1" 200 771
INFO 2025-11-28 14:18:53,688 basehttp 15452 13060 "GET /api/specializations/ HTTP/1.1" 200 751
INFO 2025-11-28 14:18:53,691 basehttp 15452 17180 "GET /api/doctors/ HTTP/1.1" 200 771
INFO 2025-11-28 14:24:48,375 basehttp 15452 10992 "GET /api/doctors/ HTTP/1.1" 200 771
INFO 2025-11-28 14:24:48,375 basehttp 15452 15624 "GET /api/specializations/ HTTP/1.1" 200 751
INFO 2025-11-28 14:26:00,799 basehttp 15452 13332 "GET /api/specializations/ HTTP/1.1" 200 751
INFO 2025-11-28 14:26:00,799 basehttp 15452 5240 "GET /api/doctors/ HTTP/1.1" 200 771
INFO 2025-11-28 14:26:00,806 basehttp 15452 13332 "GET /api/specializations/ HTTP/1.1" 200 751
INFO 2025-11-28 14:26:00,808 basehttp 15452 5240 "GET /api/doctors/ HTTP/1.1" 200 771
INFO 2025-11-28 14:26:05,603 basehttp 15452 13332 "GET /api/specializations/ HTTP/1.1" 200 751
INFO 2025-11-28 14:26:05,605 basehttp 15452 5240 "GET /api/doctors/ HTTP/1.1" 200 771
INFO 2025-11-28 14:26:05,614 basehttp 15452 13332 "GET /api/specializations/ HTTP/1.1" 200 751
INFO 2025-11-28 14:26:05,617 basehttp 15452 5240 "GET /api/doctors/ HTTP/1.1" 200 771
INFO 2025-11-28 14:26:07,005 basehttp 15452 13332 "GET /api/specializations/ HTTP/1.1" 200 751
INFO 2025-11-28 14:26:07,006 basehttp 15452 5240 "GET /api/doctors/ HTTP/1.1" 200 771
INFO 2025-11-28 14:26:07,015 basehttp 15452 13332 "GET /api/specializations/ HTTP/1.1" 200 751
INFO 2025-11-28 14:26:07,018 basehttp 15452 5240 "GET /api/doctors/ HTTP/1.1" 200 771
INFO 2025-11-28 14:26:12,135 basehttp 15452 13332 "GET /api/specializations/ HTTP/1.1" 200 751
INFO 2025-11-28 14:26:12,138 basehttp 15452 5240 "GET /api/doctors/ HTTP/1.1" 200 771
INFO 2025-11-28 14:26:12,145 basehttp 15452 13332 "GET /api/specializations/ HTTP/1.1" 200 751
INFO 2025-11-28 14:26:12,148 basehttp 15452 5240 "GET /api/doctors/ HTTP/1.1" 200 771
INFO 2025-11-28 14:26:13,277 basehttp 15452 13332 "GET /api/specializations/ HTTP/1.1" 200 751
INFO 2025-11-28 14:26:13,278 basehttp 15452 5240 "GET /api/doctors/ HTTP/1.1" 200 771
INFO 2025-11-28 14:26:13,285 basehttp 15452 13332 "GET /api/specializations/ HTTP/1.1" 200 751
INFO 2025-11-28 14:26:13,287 basehttp 15452 5240 "GET /api/doctors/ HTTP/1.1" 200 771
INFO 2025-11-28 14:26:14,383 basehttp 15452 13332 "GET /api/specializations/ HTTP/1.1" 200 751
INFO 2025-11-28 14:26:14,384 basehttp 15452 5240 "GET /api/doctors/ HTTP/1.1" 200 771
INFO 2025-11-28 14:26:14,390 basehttp 15452 13332 "GET /api/specializations/ HTTP/1.1" 200 751
INFO 2025-11-28 14:26:14,393 basehttp 15452 5240 "GET /api/doctors/ HTTP/1.1" 200 771
INFO 2025-11-28 14:26:15,521 basehttp 15452 5240 "GET /api/appointments/upcoming/ HTTP/1.1" 200 450
INFO 2025-11-28 14:26:15,528 basehttp 15452 5240 "GET /api/appointments/upcoming/ HTTP/1.1" 200 450
INFO 2025-11-28 14:26:16,680 basehttp 15452 5240 "GET /api/doctors/ HTTP/1.1" 200 771
INFO 2025-11-28 14:26:16,682 basehttp 15452 13332 "GET /api/specializations/ HTTP/1.1" 200 751
INFO 2025-11-28 14:26:16,689 basehttp 15452 5240 "GET /api/doctors/ HTTP/1.1" 200 771
INFO 2025-11-28 14:26:16,689 basehttp 15452 13332 "GET /api/specializations/ HTTP/1.1" 200 751
INFO 2025-11-28 14:26:17,834 basehttp 15452 13332 "GET /api/auth/profile/ HTTP/1.1" 200 457
INFO 2025-11-28 14:26:17,838 basehttp 15452 13332 "GET /api/auth/profile/ HTTP/1.1" 200 457
INFO 2025-11-28 14:26:19,793 basehttp 15452 13332 "GET /api/doctors/ HTTP/1.1" 200 771
INFO 2025-11-28 14:26:19,793 basehttp 15452 5240 "GET /api/specializations/ HTTP/1.1" 200 751
INFO 2025-11-28 14:26:19,805 basehttp 15452 5240 "GET /api/specializations/ HTTP/1.1" 200 751
INFO 2025-11-28 14:26:19,808 basehttp 15452 13332 "GET /api/doctors/ HTTP/1.1" 200 771
INFO 2025-11-28 14:26:23,092 basehttp 15452 5240 "GET /api/specializations/ HTTP/1.1" 200 751
INFO 2025-11-28 14:26:23,094 basehttp 15452 13332 "GET /api/doctors/ HTTP/1.1" 200 771
INFO 2025-11-28 14:26:23,099 basehttp 15452 5240 "GET /api/specializations/ HTTP/1.1" 200 751
INFO 2025-11-28 14:26:23,101 basehttp 15452 13332 "GET /api/doctors/ HTTP/1.1" 200 771
INFO 2025-11-28 14:26:24,545 basehttp 15452 5240 "GET /api/specializations/ HTTP/1.1" 200 751
INFO 2025-11-28 14:26:24,547 basehttp 15452 13332 "GET /api/doctors/ HTTP/1.1" 200 771
INFO 2025-11-28 14:26:24,554 basehttp 15452 5240 "GET /api/specializations/ HTTP/1.1" 200 751
INFO 2025-11-28 14:26:24,556 basehttp 15452 13332 "GET /api/doctors/ HTTP/1.1" 200 771
INFO 2025-11-28 14:28:38,361 basehttp 15452 7660 "GET /api/specializations/ HTTP/1.1" 200 751
INFO 2025-11-28 14:28:38,361 basehttp 15452 16944 "GET /api/doctors/ HTTP/1.1" 200 771
INFO 2025-11-28 14:28:54,437 basehttp 15452 13916 "GET /api/doctors/ HTTP/1.1" 200 771
INFO 2025-11-28 14:28:54,441 basehttp 15452 13916 "GET /api/specializations/ HTTP/1.1" 200 751
INFO 2025-11-28 14:28:54,449 basehttp 15452 13916 "GET /api/doctors/ HTTP/1.1" 200 771
INFO 2025-11-28 14:28:54,453 basehttp 15452 13916 "GET /api/specializations/ HTTP/1.1" 200 751
INFO 2025-11-28 14:29:18,586 basehttp 15452 5664 "GET /api/specializations/ HTTP/1.1" 200 751
INFO 2025-11-28 14:29:18,588 basehttp 15452 13916 "GET /api/doctors/ HTTP/1.1" 200 771
INFO 2025-11-28 14:29:18,596 basehttp 15452 5664 "GET /api/specializations/ HTTP/1.1" 200 751
INFO 2025-11-28 14:29:18,599 basehttp 15452 13916 "GET /api/doctors/ HTTP/1.1" 200 771
INFO 2025-11-28 14:29:33,792 basehttp 15452 5664 "GET /api/specializations/ HTTP/1.1" 200 751
INFO 2025-11-28 14:29:33,793 basehttp 15452 13916 "GET /api/doctors/ HTTP/1.1" 200 771
INFO 2025-11-28 14:29:33,801 basehttp 15452 5664 "GET /api/specializations/ HTTP/1.1" 200 751
INFO 2025-11-28 14:29:33,804 basehttp 15452 13916 "GET /api/doctors/ HTTP/1.1" 200 771
INFO 2025-11-28 14:29:34,567 basehttp 15452 5664 "GET /api/specializations/ HTTP/1.1" 200 751
INFO 2025-11-28 14:29:34,568 basehttp 15452 13916 "GET /api/doctors/ HTTP/1.1" 200 771
INFO 2025-11-28 14:29:34,573 basehttp 15452 5664 "GET /api/specializations/ HTTP/1.1" 200 751
INFO 2025-11-28 14:29:34,576 basehttp 15452 13916 "GET /api/doctors/ HTTP/1.1" 200 771
INFO 2025-11-28 14:29:55,327 basehttp 15452 5664 "GET /api/specializations/ HTTP/1.1" 200 751
INFO 2025-11-28 14:29:55,329 basehttp 15452 13916 "GET /api/doctors/ HTTP/1.1" 200 771
INFO 2025-11-28 14:29:55,336 basehttp 15452 5664 "GET /api/specializations/ HTTP/1.1" 200 751
INFO 2025-11-28 14:29:55,338 basehttp 15452 13916 "GET /api/doctors/ HTTP/1.1" 200 771
INFO 2025-11-28 14:29:59,796 basehttp 15452 5664 "GET /api/specializations/ HTTP/1.1" 200 751
INFO 2025-11-28 14:29:59,798 basehttp 15452 13916 "GET /api/doctors/ HTTP/1.1" 200 771
INFO 2025-11-28 14:29:59,806 basehttp 15452 5664 "GET /api/specializations/ HTTP/1.1" 200 751
INFO 2025-11-28 14:29:59,807 basehttp 15452 13916 "GET /api/doctors/ HTTP/1.1" 200 771
INFO 2025-11-28 14:30:00,482 basehttp 15452 5664 "GET /api/specializations/ HTTP/1.1" 200 751
INFO 2025-11-28 14:30:00,484 basehttp 15452 13916 "GET /api/doctors/ HTTP/1.1" 200 771
INFO 2025-11-28 14:30:00,490 basehttp 15452 5664 "GET /api/specializations/ HTTP/1.1" 200 751
INFO 2025-11-28 14:30:00,492 basehttp 15452 13916 "GET /api/doctors/ HTTP/1.1" 200 771
INFO 2025-11-28 14:30:01,589 basehttp 15452 13916 "GET /api/doctors/ HTTP/1.1" 200 771
INFO 2025-11-28 14:30:01,589 basehttp 15452 5664 "GET /api/specializations/ HTTP/1.1" 200 751
INFO 2025-11-28 14:30:01,598 basehttp 15452 5664 "GET /api/doctors/ HTTP/1.1" 200 771
INFO 2025-11-28 14:30:01,598 basehttp 15452 13916 "GET /api/specializations/ HTTP/1.1" 200 751
INFO 2025-11-28 14:30:02,326 basehttp 15452 13916 "GET /api/appointments/upcoming/ HTTP/1.1" 200 450
INFO 2025-11-28 14:30:02,333 basehttp 15452 13916 "GET /api/appointments/upcoming/ HTTP/1.1" 200 450
INFO 2025-11-28 14:30:04,215 basehttp 15452 5664 "GET /api/specializations/ HTTP/1.1" 200 751
INFO 2025-11-28 14:30:04,217 basehttp 15452 13916 "GET /api/doctors/ HTTP/1.1" 200 771
INFO 2025-11-28 14:30:04,224 basehttp 15452 5664 "GET /api/specializations/ HTTP/1.1" 200 751
INFO 2025-11-28 14:30:04,228 basehttp 15452 13916 "GET /api/doctors/ HTTP/1.1" 200 771
INFO 2025-11-28 14:30:05,544 basehttp 15452 13916 "OPTIONS /api/doctors/0018e504-d88e-43d3-9dc7-e433768e2a7a/ HTTP/1.1" 200 0
INFO 2025-11-28 14:30:05,544 basehttp 15452 5664 "OPTIONS /api/doctors/0018e504-d88e-43d3-9dc7-e433768e2a7a/ HTTP/1.1" 200 0
INFO 2025-11-28 14:30:05,551 basehttp 15452 5664 "GET /api/doctors/0018e504-d88e-43d3-9dc7-e433768e2a7a/ HTTP/1.1" 200 1576
INFO 2025-11-28 14:30:05,559 basehttp 15452 5664 "GET /api/doctors/0018e504-d88e-43d3-9dc7-e433768e2a7a/ HTTP/1.1" 200 1576
INFO 2025-11-28 14:30:08,677 basehttp 15452 13916 "GET /api/specializations/ HTTP/1.1" 200 751
INFO 2025-11-28 14:30:08,677 basehttp 15452 5664 "GET /api/doctors/ HTTP/1.1" 200 771
INFO 2025-11-28 14:30:08,686 basehttp 15452 13916 "GET /api/specializations/ HTTP/1.1" 200 751
INFO 2025-11-28 14:30:08,688 basehttp 15452 5664 "GET /api/doctors/ HTTP/1.1" 200 771
INFO 2025-11-28 14:31:19,512 basehttp 15452 14712 "POST /api/auth/login/ HTTP/1.1" 200 1098
INFO 2025-11-28 14:31:19,526 basehttp 15452 14712 "GET /api/appointments/ HTTP/1.1" 200 500
INFO 2025-11-28 14:31:19,533 basehttp 15452 14712 "GET /api/appointments/ HTTP/1.1" 200 500
INFO 2025-11-28 14:31:25,184 basehttp 15452 16020 "GET /api/appointments/ HTTP/1.1" 200 500
INFO 2025-11-28 14:31:25,191 basehttp 15452 16020 "GET /api/appointments/ HTTP/1.1" 200 500
INFO 2025-11-28 14:31:26,350 basehttp 15452 16020 "OPTIONS /api/appointments/969896d8-04f8-421a-b576-7c94864eb765/update_status/ HTTP/1.1" 200 0
INFO 2025-11-28 14:31:26,359 basehttp 15452 16020 "PATCH /api/appointments/969896d8-04f8-421a-b576-7c94864eb765/update_status/ HTTP/1.1" 200 450
INFO 2025-11-28 14:31:26,368 basehttp 15452 16020 "GET /api/appointments/ HTTP/1.1" 200 502
INFO 2025-11-28 14:31:27,999 basehttp 15452 16020 "OPTIONS /api/appointments/969896d8-04f8-421a-b576-7c94864eb765/ HTTP/1.1" 200 0
INFO 2025-11-28 14:31:27,999 basehttp 15452 1632 "OPTIONS /api/appointments/969896d8-04f8-421a-b576-7c94864eb765/ HTTP/1.1" 200 0
INFO 2025-11-28 14:31:28,006 basehttp 15452 1632 "GET /api/appointments/969896d8-04f8-421a-b576-7c94864eb765/ HTTP/1.1" 200 450
INFO 2025-11-28 14:31:28,013 basehttp 15452 1632 "GET /api/appointments/969896d8-04f8-421a-b576-7c94864eb765/ HTTP/1.1" 200 450
WARNING 2025-11-28 14:32:45,919 basehttp 15452 5944 "POST /api/medical-records/ HTTP/1.1" 400 139
WARNING 2025-11-28 14:33:14,010 basehttp 15452 5944 "POST /api/medical-records/ HTTP/1.1" 400 48
INFO 2025-11-28 14:36:25,022 basehttp 15452 14844 "GET /api/appointments/ HTTP/1.1" 200 502
INFO 2025-11-28 14:36:25,028 basehttp 15452 14844 "GET /api/appointments/ HTTP/1.1" 200 502
INFO 2025-11-28 14:36:25,732 basehttp 15452 14844 "GET /api/appointments/ HTTP/1.1" 200 502
INFO 2025-11-28 14:36:25,739 basehttp 15452 14844 "GET /api/appointments/ HTTP/1.1" 200 502
INFO 2025-11-28 14:36:34,157 basehttp 15452 6912 "POST /api/auth/login/ HTTP/1.1" 200 1106
INFO 2025-11-28 14:36:34,177 basehttp 15452 7228 "GET /api/hospitals/ HTTP/1.1" 200 1570
INFO 2025-11-28 14:36:34,177 basehttp 15452 6912 "GET /api/doctors/ HTTP/1.1" 200 771
INFO 2025-11-28 14:36:34,185 basehttp 15452 6912 "GET /api/appointments/ HTTP/1.1" 200 52
INFO 2025-11-28 14:36:34,193 basehttp 15452 7228 "GET /api/medicines/ HTTP/1.1" 200 1331
INFO 2025-11-28 14:36:34,198 basehttp 15452 6912 "GET /api/hospitals/ HTTP/1.1" 200 1570
INFO 2025-11-28 14:36:34,202 basehttp 15452 7228 "GET /api/doctors/ HTTP/1.1" 200 771
INFO 2025-11-28 14:36:34,207 basehttp 15452 6912 "GET /api/appointments/ HTTP/1.1" 200 52
INFO 2025-11-28 14:36:34,213 basehttp 15452 7228 "GET /api/medicines/ HTTP/1.1" 200 1331
INFO 2025-11-28 14:36:41,471 basehttp 15452 3844 "GET /api/doctors/ HTTP/1.1" 200 771
INFO 2025-11-28 14:36:41,476 basehttp 15452 3844 "GET /api/doctors/ HTTP/1.1" 200 771
INFO 2025-11-28 14:36:42,902 basehttp 15452 3844 "GET /api/doctors/ HTTP/1.1" 200 771
INFO 2025-11-28 14:36:42,902 basehttp 15452 14744 "GET /api/hospitals/ HTTP/1.1" 200 1570
INFO 2025-11-28 14:36:42,910 basehttp 15452 14744 "GET /api/appointments/ HTTP/1.1" 200 52
INFO 2025-11-28 14:36:42,915 basehttp 15452 3844 "GET /api/medicines/ HTTP/1.1" 200 1331
INFO 2025-11-28 14:36:42,919 basehttp 15452 14744 "GET /api/doctors/ HTTP/1.1" 200 771
INFO 2025-11-28 14:36:42,929 basehttp 15452 3844 "GET /api/hospitals/ HTTP/1.1" 200 1570
INFO 2025-11-28 14:36:42,929 basehttp 15452 14744 "GET /api/appointments/ HTTP/1.1" 200 52
INFO 2025-11-28 14:36:42,941 basehttp 15452 3844 "GET /api/medicines/ HTTP/1.1" 200 1331
WARNING 2025-11-28 14:36:43,764 basehttp 15452 3844 "GET /api/auth/users/ HTTP/1.1" 404 28572
WARNING 2025-11-28 14:36:43,770 basehttp 15452 3844 "GET /api/auth/users/ HTTP/1.1" 404 28572
INFO 2025-11-28 14:36:46,258 basehttp 15452 3844 "GET /api/doctors/ HTTP/1.1" 200 771
INFO 2025-11-28 14:36:46,259 basehttp 15452 5892 "GET /api/appointments/ HTTP/1.1" 200 52
INFO 2025-11-28 14:36:46,263 basehttp 15452 14744 "GET /api/hospitals/ HTTP/1.1" 200 1570
INFO 2025-11-28 14:36:46,268 basehttp 15452 10348 "GET /api/medicines/ HTTP/1.1" 200 1331
INFO 2025-11-28 14:36:46,277 basehttp 15452 5892 "GET /api/appointments/ HTTP/1.1" 200 52
INFO 2025-11-28 14:36:46,282 basehttp 15452 3844 "GET /api/doctors/ HTTP/1.1" 200 771
INFO 2025-11-28 14:36:46,288 basehttp 15452 14744 "GET /api/hospitals/ HTTP/1.1" 200 1570
INFO 2025-11-28 14:36:46,289 basehttp 15452 10348 "GET /api/medicines/ HTTP/1.1" 200 1331
WARNING 2025-11-28 14:36:47,881 basehttp 15452 10348 "GET /api/auth/users/ HTTP/1.1" 404 28572
WARNING 2025-11-28 14:36:47,888 basehttp 15452 10348 "GET /api/auth/users/ HTTP/1.1" 404 28572
INFO 2025-11-28 14:36:49,467 basehttp 15452 15248 "GET /api/appointments/ HTTP/1.1" 200 52
INFO 2025-11-28 14:36:49,473 basehttp 15452 6716 "GET /api/doctors/ HTTP/1.1" 200 771
INFO 2025-11-28 14:36:49,477 basehttp 15452 5768 "GET /api/medicines/ HTTP/1.1" 200 1331
INFO 2025-11-28 14:36:49,477 basehttp 15452 16304 "GET /api/hospitals/ HTTP/1.1" 200 1570
INFO 2025-11-28 14:36:49,483 basehttp 15452 15248 "GET /api/appointments/ HTTP/1.1" 200 52
INFO 2025-11-28 14:36:49,493 basehttp 15452 6716 "GET /api/doctors/ HTTP/1.1" 200 771
INFO 2025-11-28 14:36:49,499 basehttp 15452 16304 "GET /api/hospitals/ HTTP/1.1" 200 1570
INFO 2025-11-28 14:36:49,499 basehttp 15452 5768 "GET /api/medicines/ HTTP/1.1" 200 1331
INFO 2025-11-28 14:36:50,465 basehttp 15452 5768 "GET /api/hospitals/ HTTP/1.1" 200 1570
INFO 2025-11-28 14:36:50,473 basehttp 15452 5768 "GET /api/hospitals/ HTTP/1.1" 200 1570
INFO 2025-11-28 14:36:56,820 basehttp 15452 15248 "GET /api/appointments/ HTTP/1.1" 200 52
INFO 2025-11-28 14:36:56,827 basehttp 15452 5768 "GET /api/doctors/ HTTP/1.1" 200 771
INFO 2025-11-28 14:36:56,827 basehttp 15452 6716 "GET /api/medicines/ HTTP/1.1" 200 1331
INFO 2025-11-28 14:36:56,827 basehttp 15452 16304 "GET /api/hospitals/ HTTP/1.1" 200 1570
INFO 2025-11-28 14:36:56,829 basehttp 15452 8628 "GET /api/appointments/ HTTP/1.1" 200 52
INFO 2025-11-28 14:36:56,843 basehttp 15452 5768 "GET /api/doctors/ HTTP/1.1" 200 771
INFO 2025-11-28 14:36:56,848 basehttp 15452 6716 "GET /api/medicines/ HTTP/1.1" 200 1331
INFO 2025-11-28 14:36:56,849 basehttp 15452 16304 "GET /api/hospitals/ HTTP/1.1" 200 1570
WARNING 2025-11-28 14:37:14,416 basehttp 15452 13172 "GET /api/auth/users/ HTTP/1.1" 404 28572
WARNING 2025-11-28 14:37:14,422 basehttp 15452 13172 "GET /api/auth/users/ HTTP/1.1" 404 28572
INFO 2025-11-28 14:37:15,255 basehttp 15452 13172 "GET /api/doctors/ HTTP/1.1" 200 771
INFO 2025-11-28 14:37:15,256 basehttp 15452 13700 "GET /api/hospitals/ HTTP/1.1" 200 1570
INFO 2025-11-28 14:37:15,264 basehttp 15452 13700 "GET /api/appointments/ HTTP/1.1" 200 52
INFO 2025-11-28 14:37:15,267 basehttp 15452 13172 "GET /api/medicines/ HTTP/1.1" 200 1331
INFO 2025-11-28 14:37:15,275 basehttp 15452 13700 "GET /api/doctors/ HTTP/1.1" 200 771
INFO 2025-11-28 14:37:15,280 basehttp 15452 13172 "GET /api/hospitals/ HTTP/1.1" 200 1570
INFO 2025-11-28 14:37:15,284 basehttp 15452 13700 "GET /api/appointments/ HTTP/1.1" 200 52
INFO 2025-11-28 14:37:15,289 basehttp 15452 13172 "GET /api/medicines/ HTTP/1.1" 200 1331
INFO 2025-11-28 14:38:55,738 basehttp 15452 13492 "POST /api/auth/login/ HTTP/1.1" 200 1085
INFO 2025-11-28 14:38:55,753 basehttp 15452 15708 "GET /api/specializations/ HTTP/1.1" 200 751
INFO 2025-11-28 14:38:55,755 basehttp 15452 13492 "GET /api/doctors/ HTTP/1.1" 200 771
INFO 2025-11-28 14:38:55,763 basehttp 15452 15708 "GET /api/specializations/ HTTP/1.1" 200 751
INFO 2025-11-28 14:38:55,765 basehttp 15452 13492 "GET /api/doctors/ HTTP/1.1" 200 771
INFO 2025-11-28 14:39:31,966 basehttp 15452 15172 "POST /api/ai/consultations/analyze_symptoms/ HTTP/1.1" 201 1189
INFO 2025-11-28 14:41:00,118 basehttp 15452 14456 "GET /api/doctors/ HTTP/1.1" 200 771
INFO 2025-11-28 14:41:00,118 basehttp 15452 16248 "GET /api/specializations/ HTTP/1.1" 200 751
INFO 2025-11-28 14:41:00,125 basehttp 15452 16248 "GET /api/specializations/ HTTP/1.1" 200 751
INFO 2025-11-28 14:41:00,126 basehttp 15452 14456 "GET /api/doctors/ HTTP/1.1" 200 771
INFO 2025-11-28 14:44:44,858 basehttp 15452 13464 "GET /admin/ai_service/aiconsultation/ HTTP/1.1" 200 24032
INFO 2025-11-28 14:44:44,870 basehttp 15452 13464 "GET /static/admin/css/base.css HTTP/1.1" 304 0
INFO 2025-11-28 14:44:44,870 basehttp 15452 16172 "GET /static/admin/css/dark_mode.css HTTP/1.1" 304 0
INFO 2025-11-28 14:44:44,872 basehttp 15452 304 "GET /static/admin/css/nav_sidebar.css HTTP/1.1" 304 0
INFO 2025-11-28 14:44:44,874 basehttp 15452 15368 "GET /static/admin/js/theme.js HTTP/1.1" 304 0
INFO 2025-11-28 14:44:44,876 basehttp 15452 16172 "GET /static/admin/js/vendor/jquery/jquery.js HTTP/1.1" 304 0
INFO 2025-11-28 14:44:44,876 basehttp 15452 13464 "GET /static/admin/css/responsive.css HTTP/1.1" 304 0
INFO 2025-11-28 14:44:44,877 basehttp 15452 14716 "GET /static/admin/css/changelists.css HTTP/1.1" 304 0
INFO 2025-11-28 14:44:44,879 basehttp 15452 13464 "GET /static/admin/js/actions.js HTTP/1.1" 304 0
INFO 2025-11-28 14:44:44,879 basehttp 15452 14716 "GET /static/admin/js/urlify.js HTTP/1.1" 304 0
INFO 2025-11-28 14:44:44,879 basehttp 15452 304 "GET /static/admin/js/jquery.init.js HTTP/1.1" 304 0
INFO 2025-11-28 14:44:44,879 basehttp 15452 15368 "GET /static/admin/js/core.js HTTP/1.1" 304 0
INFO 2025-11-28 14:44:44,880 basehttp 15452 16172 "GET /static/admin/js/admin/RelatedObjectLookups.js HTTP/1.1" 304 0
INFO 2025-11-28 14:44:44,882 basehttp 15452 13464 "GET /static/admin/js/prepopulate.js HTTP/1.1" 304 0
INFO 2025-11-28 14:44:44,883 basehttp 15452 14716 "GET /static/admin/js/vendor/xregexp/xregexp.js HTTP/1.1" 304 0
INFO 2025-11-28 14:44:44,885 basehttp 15452 14716 "GET /static/admin/img/search.svg HTTP/1.1" 304 0
INFO 2025-11-28 14:44:44,887 basehttp 15452 7600 "GET /admin/jsi18n/ HTTP/1.1" 200 6253
INFO 2025-11-28 14:44:44,888 basehttp 15452 14716 "GET /static/admin/js/nav_sidebar.js HTTP/1.1" 304 0
INFO 2025-11-28 14:44:44,890 basehttp 15452 14716 "GET /static/admin/js/filters.js HTTP/1.1" 304 0
INFO 2025-11-28 14:44:44,905 basehttp 15452 13464 "GET /static/admin/img/sorting-icons.svg HTTP/1.1" 304 0
INFO 2025-11-28 14:44:44,905 basehttp 15452 14716 "GET /static/admin/img/icon-addlink.svg HTTP/1.1" 304 0
INFO 2025-11-28 14:44:44,905 basehttp 15452 7600 "GET /static/admin/img/tooltag-add.svg HTTP/1.1" 304 0
INFO 2025-11-28 14:44:44,905 basehttp 15452 16172 "GET /static/admin/img/icon-viewlink.svg HTTP/1.1" 304 0
INFO 2025-11-28 14:44:47,384 basehttp 15452 7600 "GET /admin/ai_service/aiconsultation/9af9c834-696d-42df-8f7a-aea80616b61e/change/ HTTP/1.1" 200 28246
INFO 2025-11-28 14:44:47,396 basehttp 15452 14716 "GET /static/admin/js/prepopulate_init.js HTTP/1.1" 304 0
INFO 2025-11-28 14:44:47,396 basehttp 15452 7600 "GET /static/admin/css/forms.css HTTP/1.1" 304 0
INFO 2025-11-28 14:44:47,399 basehttp 15452 14716 "GET /static/admin/css/widgets.css HTTP/1.1" 304 0
INFO 2025-11-28 14:44:47,400 basehttp 15452 7600 "GET /static/admin/img/icon-changelink.svg HTTP/1.1" 304 0
INFO 2025-11-28 14:44:47,401 basehttp 15452 16172 "GET /admin/jsi18n/ HTTP/1.1" 200 6253
INFO 2025-11-28 14:44:47,402 basehttp 15452 14716 "GET /static/admin/js/change_form.js HTTP/1.1" 304 0
INFO 2025-11-28 14:44:55,519 basehttp 15452 13000 "GET /admin/ai_service/aiconsultation/ HTTP/1.1" 200 24032
INFO 2025-11-28 14:44:59,011 basehttp 15452 13000 "GET /admin/ai_service/aiconsultation/ HTTP/1.1" 200 24032
INFO 2025-11-28 14:44:59,025 basehttp 15452 13000 "GET /admin/jsi18n/ HTTP/1.1" 200 6253
INFO 2025-11-28 14:45:00,054 basehttp 15452 13000 "GET /admin/ai_service/aiconsultation/503959e3-91b7-4921-aff3-5e855c9e1a3c/change/ HTTP/1.1" 200 28258
INFO 2025-11-28 14:45:00,066 basehttp 15452 13000 "GET /admin/jsi18n/ HTTP/1.1" 200 6253
INFO 2025-11-28 14:45:01,720 basehttp 15452 13000 "GET /admin/ai_service/aiconsultation/ HTTP/1.1" 200 24032
INFO 2025-11-28 14:45:03,916 basehttp 15452 10400 "GET /admin/appointments/medicalrecord/ HTTP/1.1" 200 17918
INFO 2025-11-28 14:45:03,929 basehttp 15452 10400 "GET /admin/jsi18n/ HTTP/1.1" 200 6253
INFO 2025-11-28 14:45:05,609 basehttp 15452 10400 "GET /admin/appointments/prescription/ HTTP/1.1" 200 17883
INFO 2025-11-28 14:45:05,622 basehttp 15452 10400 "GET /admin/jsi18n/ HTTP/1.1" 200 6253
INFO 2025-11-28 14:45:06,235 basehttp 15452 10400 "GET /admin/appointments/appointment/ HTTP/1.1" 200 21225
INFO 2025-11-28 14:45:06,247 basehttp 15452 10400 "GET /admin/jsi18n/ HTTP/1.1" 200 6253
INFO 2025-11-28 14:45:08,204 basehttp 15452 10400 "GET /admin/appointments/appointment/969896d8-04f8-421a-b576-7c94864eb765/change/ HTTP/1.1" 200 26625
INFO 2025-11-28 14:45:08,217 basehttp 15452 15280 "GET /static/admin/js/calendar.js HTTP/1.1" 304 0
INFO 2025-11-28 14:45:08,217 basehttp 15452 14236 "GET /static/admin/js/admin/DateTimeShortcuts.js HTTP/1.1" 304 0
INFO 2025-11-28 14:45:08,221 basehttp 15452 10400 "GET /admin/jsi18n/ HTTP/1.1" 200 6253
INFO 2025-11-28 14:45:08,238 basehttp 15452 10400 "GET /static/admin/img/icon-calendar.svg HTTP/1.1" 304 0
INFO 2025-11-28 14:45:08,239 basehttp 15452 14236 "GET /static/admin/img/icon-clock.svg HTTP/1.1" 304 0
INFO 2025-11-28 14:45:21,287 basehttp 15452 16812 "GET /admin/appointments/appointment/ HTTP/1.1" 200 21225
INFO 2025-11-28 14:46:49,101 autoreload 15452 10808 C:\Users\Gulijan\Desktop\healthhub-uz\backend\ai_service\views.py changed, reloading.
INFO 2025-11-28 14:46:50,196 autoreload 7844 13260 Watching for file changes with StatReloader
